[     358ms] [WARNING] Invalid prop: validation failed for prop "type". Expected one of ["primary", "success", "info", "warning", "danger"], got value "". null at <ElTag>
at <TableTdWrapper>
at <ElTableBody>
at <ElScrollbar>
at <ElTable>
at <StandardAccountsView>
at <BaseTransition>
at <Transition>
at <RouterView>
at <App> [Object, Object, Object, Object, Object, Object, Object, Object, Object, Object] @ http://127.0.0.1:5173/node_modules/.vite/deps/element-plus.js?v=cc148ae8:25527
[     359ms] [WARNING] Invalid prop: custom validator check failed for prop "type". null at <ElTag>
at <TableTdWrapper>
at <ElTableBody>
at <ElScrollbar>
at <ElTable>
at <StandardAccountsView>
at <BaseTransition>
at <Transition>
at <RouterView>
at <App> [Object, Object, Object, Object, Object, Object, Object, Object, Object, Object] @ http://127.0.0.1:5173/node_modules/.vite/deps/element-plus.js?v=cc148ae8:25527
[     361ms] [WARNING] Invalid prop: validation failed for prop "type". Expected one of ["primary", "success", "info", "warning", "danger"], got value "". null at <ElTag>
at <TableTdWrapper>
at <ElTableBody>
at <ElScrollbar>
at <ElTable>
at <StandardAccountsView>
at <BaseTransition>
at <Transition>
at <RouterView>
at <App> [Object, Object, Object, Object, Object, Object, Object, Object, Object, Object] @ http://127.0.0.1:5173/node_modules/.vite/deps/element-plus.js?v=cc148ae8:25527
[     361ms] [WARNING] Invalid prop: custom validator check failed for prop "type". null at <ElTag>
at <TableTdWrapper>
at <ElTableBody>
at <ElScrollbar>
at <ElTable>
at <StandardAccountsView>
at <BaseTransition>
at <Transition>
at <RouterView>
at <App> [Object, Object, Object, Object, Object, Object, Object, Object, Object, Object] @ http://127.0.0.1:5173/node_modules/.vite/deps/element-plus.js?v=cc148ae8:25527
[     362ms] [WARNING] Invalid prop: validation failed for prop "type". Expected one of ["primary", "success", "info", "warning", "danger"], got value "". null at <ElTag>
at <TableTdWrapper>
at <ElTableBody>
at <ElScrollbar>
at <ElTable>
at <StandardAccountsView>
at <BaseTransition>
at <Transition>
at <RouterView>
at <App> [Object, Object, Object, Object, Object, Object, Object, Object, Object, Object] @ http://127.0.0.1:5173/node_modules/.vite/deps/element-plus.js?v=cc148ae8:25527
[     362ms] [WARNING] Invalid prop: custom validator check failed for prop "type". null at <ElTag>
at <TableTdWrapper>
at <ElTableBody>
at <ElScrollbar>
at <ElTable>
at <StandardAccountsView>
at <BaseTransition>
at <Transition>
at <RouterView>
at <App> [Object, Object, Object, Object, Object, Object, Object, Object, Object, Object] @ http://127.0.0.1:5173/node_modules/.vite/deps/element-plus.js?v=cc148ae8:25527
[     363ms] [WARNING] Invalid prop: validation failed for prop "type". Expected one of ["primary", "success", "info", "warning", "danger"], got value "". null at <ElTag>
at <TableTdWrapper>
at <ElTableBody>
at <ElScrollbar>
at <ElTable>
at <StandardAccountsView>
at <BaseTransition>
at <Transition>
at <RouterView>
at <App> [Object, Object, Object, Object, Object, Object, Object, Object, Object, Object] @ http://127.0.0.1:5173/node_modules/.vite/deps/element-plus.js?v=cc148ae8:25527
[     363ms] [WARNING] Invalid prop: custom validator check failed for prop "type". null at <ElTag>
at <TableTdWrapper>
at <ElTableBody>
at <ElScrollbar>
at <ElTable>
at <StandardAccountsView>
at <BaseTransition>
at <Transition>
at <RouterView>
at <App> [Object, Object, Object, Object, Object, Object, Object, Object, Object, Object] @ http://127.0.0.1:5173/node_modules/.vite/deps/element-plus.js?v=cc148ae8:25527
[     365ms] [WARNING] Invalid prop: validation failed for prop "type". Expected one of ["primary", "success", "info", "warning", "danger"], got value "". null at <ElTag>
at <TableTdWrapper>
at <ElTableBody>
at <ElScrollbar>
at <ElTable>
at <StandardAccountsView>
at <BaseTransition>
at <Transition>
at <RouterView>
at <App> [Object, Object, Object, Object, Object, Object, Object, Object, Object, Object] @ http://127.0.0.1:5173/node_modules/.vite/deps/element-plus.js?v=cc148ae8:25527
[     365ms] [WARNING] Invalid prop: custom validator check failed for prop "type". null at <ElTag>
at <TableTdWrapper>
at <ElTableBody>
at <ElScrollbar>
at <ElTable>
at <StandardAccountsView>
at <BaseTransition>
at <Transition>
at <RouterView>
at <App> [Object, Object, Object, Object, Object, Object, Object, Object, Object, Object] @ http://127.0.0.1:5173/node_modules/.vite/deps/element-plus.js?v=cc148ae8:25527
[     367ms] [WARNING] Invalid prop: validation failed for prop "type". Expected one of ["primary", "success", "info", "warning", "danger"], got value "". null at <ElTag>
at <TableTdWrapper>
at <ElTableBody>
at <ElScrollbar>
at <ElTable>
at <StandardAccountsView>
at <BaseTransition>
at <Transition>
at <RouterView>
at <App> [Object, Object, Object, Object, Object, Object, Object, Object, Object, Object] @ http://127.0.0.1:5173/node_modules/.vite/deps/element-plus.js?v=cc148ae8:25527
[     367ms] [WARNING] Invalid prop: custom validator check failed for prop "type". null at <ElTag>
at <TableTdWrapper>
at <ElTableBody>
at <ElScrollbar>
at <ElTable>
at <StandardAccountsView>
at <BaseTransition>
at <Transition>
at <RouterView>
at <App> [Object, Object, Object, Object, Object, Object, Object, Object, Object, Object] @ http://127.0.0.1:5173/node_modules/.vite/deps/element-plus.js?v=cc148ae8:25527
[     368ms] [WARNING] Invalid prop: validation failed for prop "type". Expected one of ["primary", "success", "info", "warning", "danger"], got value "". null at <ElTag>
at <TableTdWrapper>
at <ElTableBody>
at <ElScrollbar>
at <ElTable>
at <StandardAccountsView>
at <BaseTransition>
at <Transition>
at <RouterView>
at <App> [Object, Object, Object, Object, Object, Object, Object, Object, Object, Object] @ http://127.0.0.1:5173/node_modules/.vite/deps/element-plus.js?v=cc148ae8:25527
[     368ms] [WARNING] Invalid prop: custom validator check failed for prop "type". null at <ElTag>
at <TableTdWrapper>
at <ElTableBody>
at <ElScrollbar>
at <ElTable>
at <StandardAccountsView>
at <BaseTransition>
at <Transition>
at <RouterView>
at <App> [Object, Object, Object, Object, Object, Object, Object, Object, Object, Object] @ http://127.0.0.1:5173/node_modules/.vite/deps/element-plus.js?v=cc148ae8:25527
[     369ms] [WARNING] Invalid prop: validation failed for prop "type". Expected one of ["primary", "success", "info", "warning", "danger"], got value "". null at <ElTag>
at <TableTdWrapper>
at <ElTableBody>
at <ElScrollbar>
at <ElTable>
at <StandardAccountsView>
at <BaseTransition>
at <Transition>
at <RouterView>
at <App> [Object, Object, Object, Object, Object, Object, Object, Object, Object, Object] @ http://127.0.0.1:5173/node_modules/.vite/deps/element-plus.js?v=cc148ae8:25527
[     369ms] [WARNING] Invalid prop: custom validator check failed for prop "type". null at <ElTag>
at <TableTdWrapper>
at <ElTableBody>
at <ElScrollbar>
at <ElTable>
at <StandardAccountsView>
at <BaseTransition>
at <Transition>
at <RouterView>
at <App> [Object, Object, Object, Object, Object, Object, Object, Object, Object, Object] @ http://127.0.0.1:5173/node_modules/.vite/deps/element-plus.js?v=cc148ae8:25527
[     370ms] [WARNING] Invalid prop: validation failed for prop "type". Expected one of ["primary", "success", "info", "warning", "danger"], got value "". null at <ElTag>
at <TableTdWrapper>
at <ElTableBody>
at <ElScrollbar>
at <ElTable>
at <StandardAccountsView>
at <BaseTransition>
at <Transition>
at <RouterView>
at <App> [Object, Object, Object, Object, Object, Object, Object, Object, Object, Object] @ http://127.0.0.1:5173/node_modules/.vite/deps/element-plus.js?v=cc148ae8:25527
[     370ms] [WARNING] Invalid prop: custom validator check failed for prop "type". null at <ElTag>
at <TableTdWrapper>
at <ElTableBody>
at <ElScrollbar>
at <ElTable>
at <StandardAccountsView>
at <BaseTransition>
at <Transition>
at <RouterView>
at <App> [Object, Object, Object, Object, Object, Object, Object, Object, Object, Object] @ http://127.0.0.1:5173/node_modules/.vite/deps/element-plus.js?v=cc148ae8:25527
[     371ms] [WARNING] Invalid prop: validation failed for prop "type". Expected one of ["primary", "success", "info", "warning", "danger"], got value "". null at <ElTag>
at <TableTdWrapper>
at <ElTableBody>
at <ElScrollbar>
at <ElTable>
at <StandardAccountsView>
at <BaseTransition>
at <Transition>
at <RouterView>
at <App> [Object, Object, Object, Object, Object, Object, Object, Object, Object, Object] @ http://127.0.0.1:5173/node_modules/.vite/deps/element-plus.js?v=cc148ae8:25527
[     372ms] [WARNING] Invalid prop: custom validator check failed for prop "type". null at <ElTag>
at <TableTdWrapper>
at <ElTableBody>
at <ElScrollbar>
at <ElTable>
at <StandardAccountsView>
at <BaseTransition>
at <Transition>
at <RouterView>
at <App> [Object, Object, Object, Object, Object, Object, Object, Object, Object, Object] @ http://127.0.0.1:5173/node_modules/.vite/deps/element-plus.js?v=cc148ae8:25527
[     373ms] [WARNING] Invalid prop: validation failed for prop "type". Expected one of ["primary", "success", "info", "warning", "danger"], got value "". null at <ElTag>
at <TableTdWrapper>
at <ElTableBody>
at <ElScrollbar>
at <ElTable>
at <StandardAccountsView>
at <BaseTransition>
at <Transition>
at <RouterView>
at <App> [Object, Object, Object, Object, Object, Object, Object, Object, Object, Object] @ http://127.0.0.1:5173/node_modules/.vite/deps/element-plus.js?v=cc148ae8:25527
[     373ms] [WARNING] Invalid prop: custom validator check failed for prop "type". null at <ElTag>
at <TableTdWrapper>
at <ElTableBody>
at <ElScrollbar>
at <ElTable>
at <StandardAccountsView>
at <BaseTransition>
at <Transition>
at <RouterView>
at <App> [Object, Object, Object, Object, Object, Object, Object, Object, Object, Object] @ http://127.0.0.1:5173/node_modules/.vite/deps/element-plus.js?v=cc148ae8:25527
[     374ms] [WARNING] Invalid prop: validation failed for prop "type". Expected one of ["primary", "success", "info", "warning", "danger"], got value "". null at <ElTag>
at <TableTdWrapper>
at <ElTableBody>
at <ElScrollbar>
at <ElTable>
at <StandardAccountsView>
at <BaseTransition>
at <Transition>
at <RouterView>
at <App> [Object, Object, Object, Object, Object, Object, Object, Object, Object, Object] @ http://127.0.0.1:5173/node_modules/.vite/deps/element-plus.js?v=cc148ae8:25527
[     374ms] [WARNING] Invalid prop: custom validator check failed for prop "type". null at <ElTag>
at <TableTdWrapper>
at <ElTableBody>
at <ElScrollbar>
at <ElTable>
at <StandardAccountsView>
at <BaseTransition>
at <Transition>
at <RouterView>
at <App> [Object, Object, Object, Object, Object, Object, Object, Object, Object, Object] @ http://127.0.0.1:5173/node_modules/.vite/deps/element-plus.js?v=cc148ae8:25527
[     375ms] [WARNING] Invalid prop: validation failed for prop "type". Expected one of ["primary", "success", "info", "warning", "danger"], got value "". null at <ElTag>
at <TableTdWrapper>
at <ElTableBody>
at <ElScrollbar>
at <ElTable>
at <StandardAccountsView>
at <BaseTransition>
at <Transition>
at <RouterView>
at <App> [Object, Object, Object, Object, Object, Object, Object, Object, Object, Object] @ http://127.0.0.1:5173/node_modules/.vite/deps/element-plus.js?v=cc148ae8:25527
[     375ms] [WARNING] Invalid prop: custom validator check failed for prop "type". null at <ElTag>
at <TableTdWrapper>
at <ElTableBody>
at <ElScrollbar>
at <ElTable>
at <StandardAccountsView>
at <BaseTransition>
at <Transition>
at <RouterView>
at <App> [Object, Object, Object, Object, Object, Object, Object, Object, Object, Object] @ http://127.0.0.1:5173/node_modules/.vite/deps/element-plus.js?v=cc148ae8:25527
[     376ms] [WARNING] Invalid prop: validation failed for prop "type". Expected one of ["primary", "success", "info", "warning", "danger"], got value "". null at <ElTag>
at <TableTdWrapper>
at <ElTableBody>
at <ElScrollbar>
at <ElTable>
at <StandardAccountsView>
at <BaseTransition>
at <Transition>
at <RouterView>
at <App> [Object, Object, Object, Object, Object, Object, Object, Object, Object, Object] @ http://127.0.0.1:5173/node_modules/.vite/deps/element-plus.js?v=cc148ae8:25527
[     376ms] [WARNING] Invalid prop: custom validator check failed for prop "type". null at <ElTag>
at <TableTdWrapper>
at <ElTableBody>
at <ElScrollbar>
at <ElTable>
at <StandardAccountsView>
at <BaseTransition>
at <Transition>
at <RouterView>
at <App> [Object, Object, Object, Object, Object, Object, Object, Object, Object, Object] @ http://127.0.0.1:5173/node_modules/.vite/deps/element-plus.js?v=cc148ae8:25527
[     377ms] [WARNING] Invalid prop: validation failed for prop "type". Expected one of ["primary", "success", "info", "warning", "danger"], got value "". null at <ElTag>
at <TableTdWrapper>
at <ElTableBody>
at <ElScrollbar>
at <ElTable>
at <StandardAccountsView>
at <BaseTransition>
at <Transition>
at <RouterView>
at <App> [Object, Object, Object, Object, Object, Object, Object, Object, Object, Object] @ http://127.0.0.1:5173/node_modules/.vite/deps/element-plus.js?v=cc148ae8:25527
[     377ms] [WARNING] Invalid prop: custom validator check failed for prop "type". null at <ElTag>
at <TableTdWrapper>
at <ElTableBody>
at <ElScrollbar>
at <ElTable>
at <StandardAccountsView>
at <BaseTransition>
at <Transition>
at <RouterView>
at <App> [Object, Object, Object, Object, Object, Object, Object, Object, Object, Object] @ http://127.0.0.1:5173/node_modules/.vite/deps/element-plus.js?v=cc148ae8:25527
[     378ms] [WARNING] Invalid prop: validation failed for prop "type". Expected one of ["primary", "success", "info", "warning", "danger"], got value "". null at <ElTag>
at <TableTdWrapper>
at <ElTableBody>
at <ElScrollbar>
at <ElTable>
at <StandardAccountsView>
at <BaseTransition>
at <Transition>
at <RouterView>
at <App> [Object, Object, Object, Object, Object, Object, Object, Object, Object, Object] @ http://127.0.0.1:5173/node_modules/.vite/deps/element-plus.js?v=cc148ae8:25527
[     378ms] [WARNING] Invalid prop: custom validator check failed for prop "type". null at <ElTag>
at <TableTdWrapper>
at <ElTableBody>
at <ElScrollbar>
at <ElTable>
at <StandardAccountsView>
at <BaseTransition>
at <Transition>
at <RouterView>
at <App> [Object, Object, Object, Object, Object, Object, Object, Object, Object, Object] @ http://127.0.0.1:5173/node_modules/.vite/deps/element-plus.js?v=cc148ae8:25527
[     379ms] [WARNING] Invalid prop: validation failed for prop "type". Expected one of ["primary", "success", "info", "warning", "danger"], got value "". null at <ElTag>
at <TableTdWrapper>
at <ElTableBody>
at <ElScrollbar>
at <ElTable>
at <StandardAccountsView>
at <BaseTransition>
at <Transition>
at <RouterView>
at <App> [Object, Object, Object, Object, Object, Object, Object, Object, Object, Object] @ http://127.0.0.1:5173/node_modules/.vite/deps/element-plus.js?v=cc148ae8:25527
[     379ms] [WARNING] Invalid prop: custom validator check failed for prop "type". null at <ElTag>
at <TableTdWrapper>
at <ElTableBody>
at <ElScrollbar>
at <ElTable>
at <StandardAccountsView>
at <BaseTransition>
at <Transition>
at <RouterView>
at <App> [Object, Object, Object, Object, Object, Object, Object, Object, Object, Object] @ http://127.0.0.1:5173/node_modules/.vite/deps/element-plus.js?v=cc148ae8:25527
[     380ms] [WARNING] Invalid prop: validation failed for prop "type". Expected one of ["primary", "success", "info", "warning", "danger"], got value "". null at <ElTag>
at <TableTdWrapper>
at <ElTableBody>
at <ElScrollbar>
at <ElTable>
at <StandardAccountsView>
at <BaseTransition>
at <Transition>
at <RouterView>
at <App> [Object, Object, Object, Object, Object, Object, Object, Object, Object, Object] @ http://127.0.0.1:5173/node_modules/.vite/deps/element-plus.js?v=cc148ae8:25527
[     380ms] [WARNING] Invalid prop: custom validator check failed for prop "type". null at <ElTag>
at <TableTdWrapper>
at <ElTableBody>
at <ElScrollbar>
at <ElTable>
at <StandardAccountsView>
at <BaseTransition>
at <Transition>
at <RouterView>
at <App> [Object, Object, Object, Object, Object, Object, Object, Object, Object, Object] @ http://127.0.0.1:5173/node_modules/.vite/deps/element-plus.js?v=cc148ae8:25527
[     381ms] [WARNING] Invalid prop: validation failed for prop "type". Expected one of ["primary", "success", "info", "warning", "danger"], got value "". null at <ElTag>
at <TableTdWrapper>
at <ElTableBody>
at <ElScrollbar>
at <ElTable>
at <StandardAccountsView>
at <BaseTransition>
at <Transition>
at <RouterView>
at <App> [Object, Object, Object, Object, Object, Object, Object, Object, Object, Object] @ http://127.0.0.1:5173/node_modules/.vite/deps/element-plus.js?v=cc148ae8:25527
[     381ms] [WARNING] Invalid prop: custom validator check failed for prop "type". null at <ElTag>
at <TableTdWrapper>
at <ElTableBody>
at <ElScrollbar>
at <ElTable>
at <StandardAccountsView>
at <BaseTransition>
at <Transition>
at <RouterView>
at <App> [Object, Object, Object, Object, Object, Object, Object, Object, Object, Object] @ http://127.0.0.1:5173/node_modules/.vite/deps/element-plus.js?v=cc148ae8:25527
[     382ms] [WARNING] Invalid prop: validation failed for prop "type". Expected one of ["primary", "success", "info", "warning", "danger"], got value "". null at <ElTag>
at <TableTdWrapper>
at <ElTableBody>
at <ElScrollbar>
at <ElTable>
at <StandardAccountsView>
at <BaseTransition>
at <Transition>
at <RouterView>
at <App> [Object, Object, Object, Object, Object, Object, Object, Object, Object, Object] @ http://127.0.0.1:5173/node_modules/.vite/deps/element-plus.js?v=cc148ae8:25527
[     382ms] [WARNING] Invalid prop: custom validator check failed for prop "type". null at <ElTag>
at <TableTdWrapper>
at <ElTableBody>
at <ElScrollbar>
at <ElTable>
at <StandardAccountsView>
at <BaseTransition>
at <Transition>
at <RouterView>
at <App> [Object, Object, Object, Object, Object, Object, Object, Object, Object, Object] @ http://127.0.0.1:5173/node_modules/.vite/deps/element-plus.js?v=cc148ae8:25527
[     384ms] [WARNING] Invalid prop: validation failed for prop "type". Expected one of ["primary", "success", "info", "warning", "danger"], got value "". null at <ElTag>
at <TableTdWrapper>
at <ElTableBody>
at <ElScrollbar>
at <ElTable>
at <StandardAccountsView>
at <BaseTransition>
at <Transition>
at <RouterView>
at <App> [Object, Object, Object, Object, Object, Object, Object, Object, Object, Object] @ http://127.0.0.1:5173/node_modules/.vite/deps/element-plus.js?v=cc148ae8:25527
[     384ms] [WARNING] Invalid prop: custom validator check failed for prop "type". null at <ElTag>
at <TableTdWrapper>
at <ElTableBody>
at <ElScrollbar>
at <ElTable>
at <StandardAccountsView>
at <BaseTransition>
at <Transition>
at <RouterView>
at <App> [Object, Object, Object, Object, Object, Object, Object, Object, Object, Object] @ http://127.0.0.1:5173/node_modules/.vite/deps/element-plus.js?v=cc148ae8:25527
[     385ms] [WARNING] Invalid prop: validation failed for prop "type". Expected one of ["primary", "success", "info", "warning", "danger"], got value "". null at <ElTag>
at <TableTdWrapper>
at <ElTableBody>
at <ElScrollbar>
at <ElTable>
at <StandardAccountsView>
at <BaseTransition>
at <Transition>
at <RouterView>
at <App> [Object, Object, Object, Object, Object, Object, Object, Object, Object, Object] @ http://127.0.0.1:5173/node_modules/.vite/deps/element-plus.js?v=cc148ae8:25527
[     386ms] [WARNING] Invalid prop: custom validator check failed for prop "type". null at <ElTag>
at <TableTdWrapper>
at <ElTableBody>
at <ElScrollbar>
at <ElTable>
at <StandardAccountsView>
at <BaseTransition>
at <Transition>
at <RouterView>
at <App> [Object, Object, Object, Object, Object, Object, Object, Object, Object, Object] @ http://127.0.0.1:5173/node_modules/.vite/deps/element-plus.js?v=cc148ae8:25527
[     387ms] [WARNING] Invalid prop: validation failed for prop "type". Expected one of ["primary", "success", "info", "warning", "danger"], got value "". null at <ElTag>
at <TableTdWrapper>
at <ElTableBody>
at <ElScrollbar>
at <ElTable>
at <StandardAccountsView>
at <BaseTransition>
at <Transition>
at <RouterView>
at <App> [Object, Object, Object, Object, Object, Object, Object, Object, Object, Object] @ http://127.0.0.1:5173/node_modules/.vite/deps/element-plus.js?v=cc148ae8:25527
[     387ms] [WARNING] Invalid prop: custom validator check failed for prop "type". null at <ElTag>
at <TableTdWrapper>
at <ElTableBody>
at <ElScrollbar>
at <ElTable>
at <StandardAccountsView>
at <BaseTransition>
at <Transition>
at <RouterView>
at <App> [Object, Object, Object, Object, Object, Object, Object, Object, Object, Object] @ http://127.0.0.1:5173/node_modules/.vite/deps/element-plus.js?v=cc148ae8:25527
[     388ms] [WARNING] Invalid prop: validation failed for prop "type". Expected one of ["primary", "success", "info", "warning", "danger"], got value "". null at <ElTag>
at <TableTdWrapper>
at <ElTableBody>
at <ElScrollbar>
at <ElTable>
at <StandardAccountsView>
at <BaseTransition>
at <Transition>
at <RouterView>
at <App> [Object, Object, Object, Object, Object, Object, Object, Object, Object, Object] @ http://127.0.0.1:5173/node_modules/.vite/deps/element-plus.js?v=cc148ae8:25527
[     388ms] [WARNING] Invalid prop: custom validator check failed for prop "type". null at <ElTag>
at <TableTdWrapper>
at <ElTableBody>
at <ElScrollbar>
at <ElTable>
at <StandardAccountsView>
at <BaseTransition>
at <Transition>
at <RouterView>
at <App> [Object, Object, Object, Object, Object, Object, Object, Object, Object, Object] @ http://127.0.0.1:5173/node_modules/.vite/deps/element-plus.js?v=cc148ae8:25527
[     391ms] [WARNING] Invalid prop: validation failed for prop "type". Expected one of ["primary", "success", "info", "warning", "danger"], got value "". null at <ElTag>
at <TableTdWrapper>
at <ElTableBody>
at <ElScrollbar>
at <ElTable>
at <StandardAccountsView>
at <BaseTransition>
at <Transition>
at <RouterView>
at <App> [Object, Object, Object, Object, Object, Object, Object, Object, Object, Object] @ http://127.0.0.1:5173/node_modules/.vite/deps/element-plus.js?v=cc148ae8:25527
[     391ms] [WARNING] Invalid prop: custom validator check failed for prop "type". null at <ElTag>
at <TableTdWrapper>
at <ElTableBody>
at <ElScrollbar>
at <ElTable>
at <StandardAccountsView>
at <BaseTransition>
at <Transition>
at <RouterView>
at <App> [Object, Object, Object, Object, Object, Object, Object, Object, Object, Object] @ http://127.0.0.1:5173/node_modules/.vite/deps/element-plus.js?v=cc148ae8:25527
[     392ms] [WARNING] Invalid prop: validation failed for prop "type". Expected one of ["primary", "success", "info", "warning", "danger"], got value "". null at <ElTag>
at <TableTdWrapper>
at <ElTableBody>
at <ElScrollbar>
at <ElTable>
at <StandardAccountsView>
at <BaseTransition>
at <Transition>
at <RouterView>
at <App> [Object, Object, Object, Object, Object, Object, Object, Object, Object, Object] @ http://127.0.0.1:5173/node_modules/.vite/deps/element-plus.js?v=cc148ae8:25527
[     392ms] [WARNING] Invalid prop: custom validator check failed for prop "type". null at <ElTag>
at <TableTdWrapper>
at <ElTableBody>
at <ElScrollbar>
at <ElTable>
at <StandardAccountsView>
at <BaseTransition>
at <Transition>
at <RouterView>
at <App> [Object, Object, Object, Object, Object, Object, Object, Object, Object, Object] @ http://127.0.0.1:5173/node_modules/.vite/deps/element-plus.js?v=cc148ae8:25527
[     393ms] [WARNING] Invalid prop: validation failed for prop "type". Expected one of ["primary", "success", "info", "warning", "danger"], got value "". null at <ElTag>
at <TableTdWrapper>
at <ElTableBody>
at <ElScrollbar>
at <ElTable>
at <StandardAccountsView>
at <BaseTransition>
at <Transition>
at <RouterView>
at <App> [Object, Object, Object, Object, Object, Object, Object, Object, Object, Object] @ http://127.0.0.1:5173/node_modules/.vite/deps/element-plus.js?v=cc148ae8:25527
[     393ms] [WARNING] Invalid prop: custom validator check failed for prop "type". null at <ElTag>
at <TableTdWrapper>
at <ElTableBody>
at <ElScrollbar>
at <ElTable>
at <StandardAccountsView>
at <BaseTransition>
at <Transition>
at <RouterView>
at <App> [Object, Object, Object, Object, Object, Object, Object, Object, Object, Object] @ http://127.0.0.1:5173/node_modules/.vite/deps/element-plus.js?v=cc148ae8:25527
[     394ms] [WARNING] Invalid prop: validation failed for prop "type". Expected one of ["primary", "success", "info", "warning", "danger"], got value "". null at <ElTag>
at <TableTdWrapper>
at <ElTableBody>
at <ElScrollbar>
at <ElTable>
at <StandardAccountsView>
at <BaseTransition>
at <Transition>
at <RouterView>
at <App> [Object, Object, Object, Object, Object, Object, Object, Object, Object, Object] @ http://127.0.0.1:5173/node_modules/.vite/deps/element-plus.js?v=cc148ae8:25527
[     394ms] [WARNING] Invalid prop: custom validator check failed for prop "type". null at <ElTag>
at <TableTdWrapper>
at <ElTableBody>
at <ElScrollbar>
at <ElTable>
at <StandardAccountsView>
at <BaseTransition>
at <Transition>
at <RouterView>
at <App> [Object, Object, Object, Object, Object, Object, Object, Object, Object, Object] @ http://127.0.0.1:5173/node_modules/.vite/deps/element-plus.js?v=cc148ae8:25527
[     395ms] [WARNING] Invalid prop: validation failed for prop "type". Expected one of ["primary", "success", "info", "warning", "danger"], got value "". null at <ElTag>
at <TableTdWrapper>
at <ElTableBody>
at <ElScrollbar>
at <ElTable>
at <StandardAccountsView>
at <BaseTransition>
at <Transition>
at <RouterView>
at <App> [Object, Object, Object, Object, Object, Object, Object, Object, Object, Object] @ http://127.0.0.1:5173/node_modules/.vite/deps/element-plus.js?v=cc148ae8:25527
[     398ms] [WARNING] Invalid prop: custom validator check failed for prop "type". null at <ElTag>
at <TableTdWrapper>
at <ElTableBody>
at <ElScrollbar>
at <ElTable>
at <StandardAccountsView>
at <BaseTransition>
at <Transition>
at <RouterView>
at <App> [Object, Object, Object, Object, Object, Object, Object, Object, Object, Object] @ http://127.0.0.1:5173/node_modules/.vite/deps/element-plus.js?v=cc148ae8:25527
[     399ms] [WARNING] Invalid prop: validation failed for prop "type". Expected one of ["primary", "success", "info", "warning", "danger"], got value "". null at <ElTag>
at <TableTdWrapper>
at <ElTableBody>
at <ElScrollbar>
at <ElTable>
at <StandardAccountsView>
at <BaseTransition>
at <Transition>
at <RouterView>
at <App> [Object, Object, Object, Object, Object, Object, Object, Object, Object, Object] @ http://127.0.0.1:5173/node_modules/.vite/deps/element-plus.js?v=cc148ae8:25527
[     399ms] [WARNING] Invalid prop: custom validator check failed for prop "type". null at <ElTag>
at <TableTdWrapper>
at <ElTableBody>
at <ElScrollbar>
at <ElTable>
at <StandardAccountsView>
at <BaseTransition>
at <Transition>
at <RouterView>
at <App> [Object, Object, Object, Object, Object, Object, Object, Object, Object, Object] @ http://127.0.0.1:5173/node_modules/.vite/deps/element-plus.js?v=cc148ae8:25527
[     400ms] [WARNING] Invalid prop: validation failed for prop "type". Expected one of ["primary", "success", "info", "warning", "danger"], got value "". null at <ElTag>
at <TableTdWrapper>
at <ElTableBody>
at <ElScrollbar>
at <ElTable>
at <StandardAccountsView>
at <BaseTransition>
at <Transition>
at <RouterView>
at <App> [Object, Object, Object, Object, Object, Object, Object, Object, Object, Object] @ http://127.0.0.1:5173/node_modules/.vite/deps/element-plus.js?v=cc148ae8:25527
[     400ms] [WARNING] Invalid prop: custom validator check failed for prop "type". null at <ElTag>
at <TableTdWrapper>
at <ElTableBody>
at <ElScrollbar>
at <ElTable>
at <StandardAccountsView>
at <BaseTransition>
at <Transition>
at <RouterView>
at <App> [Object, Object, Object, Object, Object, Object, Object, Object, Object, Object] @ http://127.0.0.1:5173/node_modules/.vite/deps/element-plus.js?v=cc148ae8:25527
[     402ms] [WARNING] Invalid prop: validation failed for prop "type". Expected one of ["primary", "success", "info", "warning", "danger"], got value "". null at <ElTag>
at <TableTdWrapper>
at <ElTableBody>
at <ElScrollbar>
at <ElTable>
at <StandardAccountsView>
at <BaseTransition>
at <Transition>
at <RouterView>
at <App> [Object, Object, Object, Object, Object, Object, Object, Object, Object, Object] @ http://127.0.0.1:5173/node_modules/.vite/deps/element-plus.js?v=cc148ae8:25527
[     402ms] [WARNING] Invalid prop: custom validator check failed for prop "type". null at <ElTag>
at <TableTdWrapper>
at <ElTableBody>
at <ElScrollbar>
at <ElTable>
at <StandardAccountsView>
at <BaseTransition>
at <Transition>
at <RouterView>
at <App> [Object, Object, Object, Object, Object, Object, Object, Object, Object, Object] @ http://127.0.0.1:5173/node_modules/.vite/deps/element-plus.js?v=cc148ae8:25527
[     403ms] [WARNING] Invalid prop: validation failed for prop "type". Expected one of ["primary", "success", "info", "warning", "danger"], got value "". null at <ElTag>
at <TableTdWrapper>
at <ElTableBody>
at <ElScrollbar>
at <ElTable>
at <StandardAccountsView>
at <BaseTransition>
at <Transition>
at <RouterView>
at <App> [Object, Object, Object, Object, Object, Object, Object, Object, Object, Object] @ http://127.0.0.1:5173/node_modules/.vite/deps/element-plus.js?v=cc148ae8:25527
[     404ms] [WARNING] Invalid prop: custom validator check failed for prop "type". null at <ElTag>
at <TableTdWrapper>
at <ElTableBody>
at <ElScrollbar>
at <ElTable>
at <StandardAccountsView>
at <BaseTransition>
at <Transition>
at <RouterView>
at <App> [Object, Object, Object, Object, Object, Object, Object, Object, Object, Object] @ http://127.0.0.1:5173/node_modules/.vite/deps/element-plus.js?v=cc148ae8:25527
[     405ms] [WARNING] Invalid prop: validation failed for prop "type". Expected one of ["primary", "success", "info", "warning", "danger"], got value "". null at <ElTag>
at <TableTdWrapper>
at <ElTableBody>
at <ElScrollbar>
at <ElTable>
at <StandardAccountsView>
at <BaseTransition>
at <Transition>
at <RouterView>
at <App> [Object, Object, Object, Object, Object, Object, Object, Object, Object, Object] @ http://127.0.0.1:5173/node_modules/.vite/deps/element-plus.js?v=cc148ae8:25527
[     405ms] [WARNING] Invalid prop: custom validator check failed for prop "type". null at <ElTag>
at <TableTdWrapper>
at <ElTableBody>
at <ElScrollbar>
at <ElTable>
at <StandardAccountsView>
at <BaseTransition>
at <Transition>
at <RouterView>
at <App> [Object, Object, Object, Object, Object, Object, Object, Object, Object, Object] @ http://127.0.0.1:5173/node_modules/.vite/deps/element-plus.js?v=cc148ae8:25527
[     406ms] [WARNING] Invalid prop: validation failed for prop "type". Expected one of ["primary", "success", "info", "warning", "danger"], got value "". null at <ElTag>
at <TableTdWrapper>
at <ElTableBody>
at <ElScrollbar>
at <ElTable>
at <StandardAccountsView>
at <BaseTransition>
at <Transition>
at <RouterView>
at <App> [Object, Object, Object, Object, Object, Object, Object, Object, Object, Object] @ http://127.0.0.1:5173/node_modules/.vite/deps/element-plus.js?v=cc148ae8:25527
[     407ms] [WARNING] Invalid prop: custom validator check failed for prop "type". null at <ElTag>
at <TableTdWrapper>
at <ElTableBody>
at <ElScrollbar>
at <ElTable>
at <StandardAccountsView>
at <BaseTransition>
at <Transition>
at <RouterView>
at <App> [Object, Object, Object, Object, Object, Object, Object, Object, Object, Object] @ http://127.0.0.1:5173/node_modules/.vite/deps/element-plus.js?v=cc148ae8:25527
[     409ms] [WARNING] Invalid prop: validation failed for prop "type". Expected one of ["primary", "success", "info", "warning", "danger"], got value "". null at <ElTag>
at <TableTdWrapper>
at <ElTableBody>
at <ElScrollbar>
at <ElTable>
at <StandardAccountsView>
at <BaseTransition>
at <Transition>
at <RouterView>
at <App> [Object, Object, Object, Object, Object, Object, Object, Object, Object, Object] @ http://127.0.0.1:5173/node_modules/.vite/deps/element-plus.js?v=cc148ae8:25527
[     409ms] [WARNING] Invalid prop: custom validator check failed for prop "type". null at <ElTag>
at <TableTdWrapper>
at <ElTableBody>
at <ElScrollbar>
at <ElTable>
at <StandardAccountsView>
at <BaseTransition>
at <Transition>
at <RouterView>
at <App> [Object, Object, Object, Object, Object, Object, Object, Object, Object, Object] @ http://127.0.0.1:5173/node_modules/.vite/deps/element-plus.js?v=cc148ae8:25527
[     412ms] [WARNING] Invalid prop: validation failed for prop "type". Expected one of ["primary", "success", "info", "warning", "danger"], got value "". null at <ElTag>
at <TableTdWrapper>
at <ElTableBody>
at <ElScrollbar>
at <ElTable>
at <StandardAccountsView>
at <BaseTransition>
at <Transition>
at <RouterView>
at <App> [Object, Object, Object, Object, Object, Object, Object, Object, Object, Object] @ http://127.0.0.1:5173/node_modules/.vite/deps/element-plus.js?v=cc148ae8:25527
[     412ms] [WARNING] Invalid prop: custom validator check failed for prop "type". null at <ElTag>
at <TableTdWrapper>
at <ElTableBody>
at <ElScrollbar>
at <ElTable>
at <StandardAccountsView>
at <BaseTransition>
at <Transition>
at <RouterView>
at <App> [Object, Object, Object, Object, Object, Object, Object, Object, Object, Object] @ http://127.0.0.1:5173/node_modules/.vite/deps/element-plus.js?v=cc148ae8:25527
[     413ms] [WARNING] Invalid prop: validation failed for prop "type". Expected one of ["primary", "success", "info", "warning", "danger"], got value "". null at <ElTag>
at <TableTdWrapper>
at <ElTableBody>
at <ElScrollbar>
at <ElTable>
at <StandardAccountsView>
at <BaseTransition>
at <Transition>
at <RouterView>
at <App> [Object, Object, Object, Object, Object, Object, Object, Object, Object, Object] @ http://127.0.0.1:5173/node_modules/.vite/deps/element-plus.js?v=cc148ae8:25527
[     413ms] [WARNING] Invalid prop: custom validator check failed for prop "type". null at <ElTag>
at <TableTdWrapper>
at <ElTableBody>
at <ElScrollbar>
at <ElTable>
at <StandardAccountsView>
at <BaseTransition>
at <Transition>
at <RouterView>
at <App> [Object, Object, Object, Object, Object, Object, Object, Object, Object, Object] @ http://127.0.0.1:5173/node_modules/.vite/deps/element-plus.js?v=cc148ae8:25527
[     414ms] [WARNING] Invalid prop: validation failed for prop "type". Expected one of ["primary", "success", "info", "warning", "danger"], got value "". null at <ElTag>
at <TableTdWrapper>
at <ElTableBody>
at <ElScrollbar>
at <ElTable>
at <StandardAccountsView>
at <BaseTransition>
at <Transition>
at <RouterView>
at <App> [Object, Object, Object, Object, Object, Object, Object, Object, Object, Object] @ http://127.0.0.1:5173/node_modules/.vite/deps/element-plus.js?v=cc148ae8:25527
[     415ms] [WARNING] Invalid prop: custom validator check failed for prop "type". null at <ElTag>
at <TableTdWrapper>
at <ElTableBody>
at <ElScrollbar>
at <ElTable>
at <StandardAccountsView>
at <BaseTransition>
at <Transition>
at <RouterView>
at <App> [Object, Object, Object, Object, Object, Object, Object, Object, Object, Object] @ http://127.0.0.1:5173/node_modules/.vite/deps/element-plus.js?v=cc148ae8:25527
[     416ms] [WARNING] Invalid prop: validation failed for prop "type". Expected one of ["primary", "success", "info", "warning", "danger"], got value "". null at <ElTag>
at <TableTdWrapper>
at <ElTableBody>
at <ElScrollbar>
at <ElTable>
at <StandardAccountsView>
at <BaseTransition>
at <Transition>
at <RouterView>
at <App> [Object, Object, Object, Object, Object, Object, Object, Object, Object, Object] @ http://127.0.0.1:5173/node_modules/.vite/deps/element-plus.js?v=cc148ae8:25527
[     417ms] [WARNING] Invalid prop: custom validator check failed for prop "type". null at <ElTag>
at <TableTdWrapper>
at <ElTableBody>
at <ElScrollbar>
at <ElTable>
at <StandardAccountsView>
at <BaseTransition>
at <Transition>
at <RouterView>
at <App> [Object, Object, Object, Object, Object, Object, Object, Object, Object, Object] @ http://127.0.0.1:5173/node_modules/.vite/deps/element-plus.js?v=cc148ae8:25527
[     418ms] [WARNING] Invalid prop: validation failed for prop "type". Expected one of ["primary", "success", "info", "warning", "danger"], got value "". null at <ElTag>
at <TableTdWrapper>
at <ElTableBody>
at <ElScrollbar>
at <ElTable>
at <StandardAccountsView>
at <BaseTransition>
at <Transition>
at <RouterView>
at <App> [Object, Object, Object, Object, Object, Object, Object, Object, Object, Object] @ http://127.0.0.1:5173/node_modules/.vite/deps/element-plus.js?v=cc148ae8:25527
[     418ms] [WARNING] Invalid prop: custom validator check failed for prop "type". null at <ElTag>
at <TableTdWrapper>
at <ElTableBody>
at <ElScrollbar>
at <ElTable>
at <StandardAccountsView>
at <BaseTransition>
at <Transition>
at <RouterView>
at <App> [Object, Object, Object, Object, Object, Object, Object, Object, Object, Object] @ http://127.0.0.1:5173/node_modules/.vite/deps/element-plus.js?v=cc148ae8:25527
[     419ms] [WARNING] Invalid prop: validation failed for prop "type". Expected one of ["primary", "success", "info", "warning", "danger"], got value "". null at <ElTag>
at <TableTdWrapper>
at <ElTableBody>
at <ElScrollbar>
at <ElTable>
at <StandardAccountsView>
at <BaseTransition>
at <Transition>
at <RouterView>
at <App> [Object, Object, Object, Object, Object, Object, Object, Object, Object, Object] @ http://127.0.0.1:5173/node_modules/.vite/deps/element-plus.js?v=cc148ae8:25527
[     419ms] [WARNING] Invalid prop: custom validator check failed for prop "type". null at <ElTag>
at <TableTdWrapper>
at <ElTableBody>
at <ElScrollbar>
at <ElTable>
at <StandardAccountsView>
at <BaseTransition>
at <Transition>
at <RouterView>
at <App> [Object, Object, Object, Object, Object, Object, Object, Object, Object, Object] @ http://127.0.0.1:5173/node_modules/.vite/deps/element-plus.js?v=cc148ae8:25527
[     421ms] [WARNING] Invalid prop: validation failed for prop "type". Expected one of ["primary", "success", "info", "warning", "danger"], got value "". null at <ElTag>
at <TableTdWrapper>
at <ElTableBody>
at <ElScrollbar>
at <ElTable>
at <StandardAccountsView>
at <BaseTransition>
at <Transition>
at <RouterView>
at <App> [Object, Object, Object, Object, Object, Object, Object, Object, Object, Object] @ http://127.0.0.1:5173/node_modules/.vite/deps/element-plus.js?v=cc148ae8:25527
[     421ms] [WARNING] Invalid prop: custom validator check failed for prop "type". null at <ElTag>
at <TableTdWrapper>
at <ElTableBody>
at <ElScrollbar>
at <ElTable>
at <StandardAccountsView>
at <BaseTransition>
at <Transition>
at <RouterView>
at <App> [Object, Object, Object, Object, Object, Object, Object, Object, Object, Object] @ http://127.0.0.1:5173/node_modules/.vite/deps/element-plus.js?v=cc148ae8:25527
[     423ms] [WARNING] Invalid prop: validation failed for prop "type". Expected one of ["primary", "success", "info", "warning", "danger"], got value "". null at <ElTag>
at <TableTdWrapper>
at <ElTableBody>
at <ElScrollbar>
at <ElTable>
at <StandardAccountsView>
at <BaseTransition>
at <Transition>
at <RouterView>
at <App> [Object, Object, Object, Object, Object, Object, Object, Object, Object, Object] @ http://127.0.0.1:5173/node_modules/.vite/deps/element-plus.js?v=cc148ae8:25527
[     423ms] [WARNING] Invalid prop: custom validator check failed for prop "type". null at <ElTag>
at <TableTdWrapper>
at <ElTableBody>
at <ElScrollbar>
at <ElTable>
at <StandardAccountsView>
at <BaseTransition>
at <Transition>
at <RouterView>
at <App> [Object, Object, Object, Object, Object, Object, Object, Object, Object, Object] @ http://127.0.0.1:5173/node_modules/.vite/deps/element-plus.js?v=cc148ae8:25527
