[     945ms] [WARNING] Invalid prop: validation failed for prop "type". Expected one of ["primary", "success", "info", "warning", "danger"], got value "". null at <ElTag>
at <TableTdWrapper>
at <ElTableBody>
at <ElScrollbar>
at <ElTable>
at <StandardAccountsView>
at <BaseTransition>
at <Transition>
at <RouterView>
at <App> [Object, Object, Object, Object, Object, Object, Object, Object, Object, Object] @ http://127.0.0.1:5173/node_modules/.vite/deps/element-plus.js?v=cc148ae8:25527
[     945ms] [WARNING] Invalid prop: custom validator check failed for prop "type". null at <ElTag>
at <TableTdWrapper>
at <ElTableBody>
at <ElScrollbar>
at <ElTable>
at <StandardAccountsView>
at <BaseTransition>
at <Transition>
at <RouterView>
at <App> [Object, Object, Object, Object, Object, Object, Object, Object, Object, Object] @ http://127.0.0.1:5173/node_modules/.vite/deps/element-plus.js?v=cc148ae8:25527
[     947ms] [WARNING] Invalid prop: validation failed for prop "type". Expected one of ["primary", "success", "info", "warning", "danger"], got value "". null at <ElTag>
at <TableTdWrapper>
at <ElTableBody>
at <ElScrollbar>
at <ElTable>
at <StandardAccountsView>
at <BaseTransition>
at <Transition>
at <RouterView>
at <App> [Object, Object, Object, Object, Object, Object, Object, Object, Object, Object] @ http://127.0.0.1:5173/node_modules/.vite/deps/element-plus.js?v=cc148ae8:25527
[     948ms] [WARNING] Invalid prop: custom validator check failed for prop "type". null at <ElTag>
at <TableTdWrapper>
at <ElTableBody>
at <ElScrollbar>
at <ElTable>
at <StandardAccountsView>
at <BaseTransition>
at <Transition>
at <RouterView>
at <App> [Object, Object, Object, Object, Object, Object, Object, Object, Object, Object] @ http://127.0.0.1:5173/node_modules/.vite/deps/element-plus.js?v=cc148ae8:25527
[     949ms] [WARNING] Invalid prop: validation failed for prop "type". Expected one of ["primary", "success", "info", "warning", "danger"], got value "". null at <ElTag>
at <TableTdWrapper>
at <ElTableBody>
at <ElScrollbar>
at <ElTable>
at <StandardAccountsView>
at <BaseTransition>
at <Transition>
at <RouterView>
at <App> [Object, Object, Object, Object, Object, Object, Object, Object, Object, Object] @ http://127.0.0.1:5173/node_modules/.vite/deps/element-plus.js?v=cc148ae8:25527
[     950ms] [WARNING] Invalid prop: custom validator check failed for prop "type". null at <ElTag>
at <TableTdWrapper>
at <ElTableBody>
at <ElScrollbar>
at <ElTable>
at <StandardAccountsView>
at <BaseTransition>
at <Transition>
at <RouterView>
at <App> [Object, Object, Object, Object, Object, Object, Object, Object, Object, Object] @ http://127.0.0.1:5173/node_modules/.vite/deps/element-plus.js?v=cc148ae8:25527
[     951ms] [WARNING] Invalid prop: validation failed for prop "type". Expected one of ["primary", "success", "info", "warning", "danger"], got value "". null at <ElTag>
at <TableTdWrapper>
at <ElTableBody>
at <ElScrollbar>
at <ElTable>
at <StandardAccountsView>
at <BaseTransition>
at <Transition>
at <RouterView>
at <App> [Object, Object, Object, Object, Object, Object, Object, Object, Object, Object] @ http://127.0.0.1:5173/node_modules/.vite/deps/element-plus.js?v=cc148ae8:25527
[     951ms] [WARNING] Invalid prop: custom validator check failed for prop "type". null at <ElTag>
at <TableTdWrapper>
at <ElTableBody>
at <ElScrollbar>
at <ElTable>
at <StandardAccountsView>
at <BaseTransition>
at <Transition>
at <RouterView>
at <App> [Object, Object, Object, Object, Object, Object, Object, Object, Object, Object] @ http://127.0.0.1:5173/node_modules/.vite/deps/element-plus.js?v=cc148ae8:25527
[     954ms] [WARNING] Invalid prop: validation failed for prop "type". Expected one of ["primary", "success", "info", "warning", "danger"], got value "". null at <ElTag>
at <TableTdWrapper>
at <ElTableBody>
at <ElScrollbar>
at <ElTable>
at <StandardAccountsView>
at <BaseTransition>
at <Transition>
at <RouterView>
at <App> [Object, Object, Object, Object, Object, Object, Object, Object, Object, Object] @ http://127.0.0.1:5173/node_modules/.vite/deps/element-plus.js?v=cc148ae8:25527
[     955ms] [WARNING] Invalid prop: custom validator check failed for prop "type". null at <ElTag>
at <TableTdWrapper>
at <ElTableBody>
at <ElScrollbar>
at <ElTable>
at <StandardAccountsView>
at <BaseTransition>
at <Transition>
at <RouterView>
at <App> [Object, Object, Object, Object, Object, Object, Object, Object, Object, Object] @ http://127.0.0.1:5173/node_modules/.vite/deps/element-plus.js?v=cc148ae8:25527
[     957ms] [WARNING] Invalid prop: validation failed for prop "type". Expected one of ["primary", "success", "info", "warning", "danger"], got value "". null at <ElTag>
at <TableTdWrapper>
at <ElTableBody>
at <ElScrollbar>
at <ElTable>
at <StandardAccountsView>
at <BaseTransition>
at <Transition>
at <RouterView>
at <App> [Object, Object, Object, Object, Object, Object, Object, Object, Object, Object] @ http://127.0.0.1:5173/node_modules/.vite/deps/element-plus.js?v=cc148ae8:25527
[     958ms] [WARNING] Invalid prop: custom validator check failed for prop "type". null at <ElTag>
at <TableTdWrapper>
at <ElTableBody>
at <ElScrollbar>
at <ElTable>
at <StandardAccountsView>
at <BaseTransition>
at <Transition>
at <RouterView>
at <App> [Object, Object, Object, Object, Object, Object, Object, Object, Object, Object] @ http://127.0.0.1:5173/node_modules/.vite/deps/element-plus.js?v=cc148ae8:25527
[     959ms] [WARNING] Invalid prop: validation failed for prop "type". Expected one of ["primary", "success", "info", "warning", "danger"], got value "". null at <ElTag>
at <TableTdWrapper>
at <ElTableBody>
at <ElScrollbar>
at <ElTable>
at <StandardAccountsView>
at <BaseTransition>
at <Transition>
at <RouterView>
at <App> [Object, Object, Object, Object, Object, Object, Object, Object, Object, Object] @ http://127.0.0.1:5173/node_modules/.vite/deps/element-plus.js?v=cc148ae8:25527
[     964ms] [WARNING] Invalid prop: custom validator check failed for prop "type". null at <ElTag>
at <TableTdWrapper>
at <ElTableBody>
at <ElScrollbar>
at <ElTable>
at <StandardAccountsView>
at <BaseTransition>
at <Transition>
at <RouterView>
at <App> [Object, Object, Object, Object, Object, Object, Object, Object, Object, Object] @ http://127.0.0.1:5173/node_modules/.vite/deps/element-plus.js?v=cc148ae8:25527
[     967ms] [WARNING] Invalid prop: validation failed for prop "type". Expected one of ["primary", "success", "info", "warning", "danger"], got value "". null at <ElTag>
at <TableTdWrapper>
at <ElTableBody>
at <ElScrollbar>
at <ElTable>
at <StandardAccountsView>
at <BaseTransition>
at <Transition>
at <RouterView>
at <App> [Object, Object, Object, Object, Object, Object, Object, Object, Object, Object] @ http://127.0.0.1:5173/node_modules/.vite/deps/element-plus.js?v=cc148ae8:25527
[     967ms] [WARNING] Invalid prop: custom validator check failed for prop "type". null at <ElTag>
at <TableTdWrapper>
at <ElTableBody>
at <ElScrollbar>
at <ElTable>
at <StandardAccountsView>
at <BaseTransition>
at <Transition>
at <RouterView>
at <App> [Object, Object, Object, Object, Object, Object, Object, Object, Object, Object] @ http://127.0.0.1:5173/node_modules/.vite/deps/element-plus.js?v=cc148ae8:25527
[     969ms] [WARNING] Invalid prop: validation failed for prop "type". Expected one of ["primary", "success", "info", "warning", "danger"], got value "". null at <ElTag>
at <TableTdWrapper>
at <ElTableBody>
at <ElScrollbar>
at <ElTable>
at <StandardAccountsView>
at <BaseTransition>
at <Transition>
at <RouterView>
at <App> [Object, Object, Object, Object, Object, Object, Object, Object, Object, Object] @ http://127.0.0.1:5173/node_modules/.vite/deps/element-plus.js?v=cc148ae8:25527
[     970ms] [WARNING] Invalid prop: custom validator check failed for prop "type". null at <ElTag>
at <TableTdWrapper>
at <ElTableBody>
at <ElScrollbar>
at <ElTable>
at <StandardAccountsView>
at <BaseTransition>
at <Transition>
at <RouterView>
at <App> [Object, Object, Object, Object, Object, Object, Object, Object, Object, Object] @ http://127.0.0.1:5173/node_modules/.vite/deps/element-plus.js?v=cc148ae8:25527
[     971ms] [WARNING] Invalid prop: validation failed for prop "type". Expected one of ["primary", "success", "info", "warning", "danger"], got value "". null at <ElTag>
at <TableTdWrapper>
at <ElTableBody>
at <ElScrollbar>
at <ElTable>
at <StandardAccountsView>
at <BaseTransition>
at <Transition>
at <RouterView>
at <App> [Object, Object, Object, Object, Object, Object, Object, Object, Object, Object] @ http://127.0.0.1:5173/node_modules/.vite/deps/element-plus.js?v=cc148ae8:25527
[     972ms] [WARNING] Invalid prop: custom validator check failed for prop "type". null at <ElTag>
at <TableTdWrapper>
at <ElTableBody>
at <ElScrollbar>
at <ElTable>
at <StandardAccountsView>
at <BaseTransition>
at <Transition>
at <RouterView>
at <App> [Object, Object, Object, Object, Object, Object, Object, Object, Object, Object] @ http://127.0.0.1:5173/node_modules/.vite/deps/element-plus.js?v=cc148ae8:25527
[     973ms] [WARNING] Invalid prop: validation failed for prop "type". Expected one of ["primary", "success", "info", "warning", "danger"], got value "". null at <ElTag>
at <TableTdWrapper>
at <ElTableBody>
at <ElScrollbar>
at <ElTable>
at <StandardAccountsView>
at <BaseTransition>
at <Transition>
at <RouterView>
at <App> [Object, Object, Object, Object, Object, Object, Object, Object, Object, Object] @ http://127.0.0.1:5173/node_modules/.vite/deps/element-plus.js?v=cc148ae8:25527
[     974ms] [WARNING] Invalid prop: custom validator check failed for prop "type". null at <ElTag>
at <TableTdWrapper>
at <ElTableBody>
at <ElScrollbar>
at <ElTable>
at <StandardAccountsView>
at <BaseTransition>
at <Transition>
at <RouterView>
at <App> [Object, Object, Object, Object, Object, Object, Object, Object, Object, Object] @ http://127.0.0.1:5173/node_modules/.vite/deps/element-plus.js?v=cc148ae8:25527
[     975ms] [WARNING] Invalid prop: validation failed for prop "type". Expected one of ["primary", "success", "info", "warning", "danger"], got value "". null at <ElTag>
at <TableTdWrapper>
at <ElTableBody>
at <ElScrollbar>
at <ElTable>
at <StandardAccountsView>
at <BaseTransition>
at <Transition>
at <RouterView>
at <App> [Object, Object, Object, Object, Object, Object, Object, Object, Object, Object] @ http://127.0.0.1:5173/node_modules/.vite/deps/element-plus.js?v=cc148ae8:25527
[     975ms] [WARNING] Invalid prop: custom validator check failed for prop "type". null at <ElTag>
at <TableTdWrapper>
at <ElTableBody>
at <ElScrollbar>
at <ElTable>
at <StandardAccountsView>
at <BaseTransition>
at <Transition>
at <RouterView>
at <App> [Object, Object, Object, Object, Object, Object, Object, Object, Object, Object] @ http://127.0.0.1:5173/node_modules/.vite/deps/element-plus.js?v=cc148ae8:25527
[     977ms] [WARNING] Invalid prop: validation failed for prop "type". Expected one of ["primary", "success", "info", "warning", "danger"], got value "". null at <ElTag>
at <TableTdWrapper>
at <ElTableBody>
at <ElScrollbar>
at <ElTable>
at <StandardAccountsView>
at <BaseTransition>
at <Transition>
at <RouterView>
at <App> [Object, Object, Object, Object, Object, Object, Object, Object, Object, Object] @ http://127.0.0.1:5173/node_modules/.vite/deps/element-plus.js?v=cc148ae8:25527
[     977ms] [WARNING] Invalid prop: custom validator check failed for prop "type". null at <ElTag>
at <TableTdWrapper>
at <ElTableBody>
at <ElScrollbar>
at <ElTable>
at <StandardAccountsView>
at <BaseTransition>
at <Transition>
at <RouterView>
at <App> [Object, Object, Object, Object, Object, Object, Object, Object, Object, Object] @ http://127.0.0.1:5173/node_modules/.vite/deps/element-plus.js?v=cc148ae8:25527
[     979ms] [WARNING] Invalid prop: validation failed for prop "type". Expected one of ["primary", "success", "info", "warning", "danger"], got value "". null at <ElTag>
at <TableTdWrapper>
at <ElTableBody>
at <ElScrollbar>
at <ElTable>
at <StandardAccountsView>
at <BaseTransition>
at <Transition>
at <RouterView>
at <App> [Object, Object, Object, Object, Object, Object, Object, Object, Object, Object] @ http://127.0.0.1:5173/node_modules/.vite/deps/element-plus.js?v=cc148ae8:25527
[     979ms] [WARNING] Invalid prop: custom validator check failed for prop "type". null at <ElTag>
at <TableTdWrapper>
at <ElTableBody>
at <ElScrollbar>
at <ElTable>
at <StandardAccountsView>
at <BaseTransition>
at <Transition>
at <RouterView>
at <App> [Object, Object, Object, Object, Object, Object, Object, Object, Object, Object] @ http://127.0.0.1:5173/node_modules/.vite/deps/element-plus.js?v=cc148ae8:25527
[     980ms] [WARNING] Invalid prop: validation failed for prop "type". Expected one of ["primary", "success", "info", "warning", "danger"], got value "". null at <ElTag>
at <TableTdWrapper>
at <ElTableBody>
at <ElScrollbar>
at <ElTable>
at <StandardAccountsView>
at <BaseTransition>
at <Transition>
at <RouterView>
at <App> [Object, Object, Object, Object, Object, Object, Object, Object, Object, Object] @ http://127.0.0.1:5173/node_modules/.vite/deps/element-plus.js?v=cc148ae8:25527
[     981ms] [WARNING] Invalid prop: custom validator check failed for prop "type". null at <ElTag>
at <TableTdWrapper>
at <ElTableBody>
at <ElScrollbar>
at <ElTable>
at <StandardAccountsView>
at <BaseTransition>
at <Transition>
at <RouterView>
at <App> [Object, Object, Object, Object, Object, Object, Object, Object, Object, Object] @ http://127.0.0.1:5173/node_modules/.vite/deps/element-plus.js?v=cc148ae8:25527
[     982ms] [WARNING] Invalid prop: validation failed for prop "type". Expected one of ["primary", "success", "info", "warning", "danger"], got value "". null at <ElTag>
at <TableTdWrapper>
at <ElTableBody>
at <ElScrollbar>
at <ElTable>
at <StandardAccountsView>
at <BaseTransition>
at <Transition>
at <RouterView>
at <App> [Object, Object, Object, Object, Object, Object, Object, Object, Object, Object] @ http://127.0.0.1:5173/node_modules/.vite/deps/element-plus.js?v=cc148ae8:25527
[     982ms] [WARNING] Invalid prop: custom validator check failed for prop "type". null at <ElTag>
at <TableTdWrapper>
at <ElTableBody>
at <ElScrollbar>
at <ElTable>
at <StandardAccountsView>
at <BaseTransition>
at <Transition>
at <RouterView>
at <App> [Object, Object, Object, Object, Object, Object, Object, Object, Object, Object] @ http://127.0.0.1:5173/node_modules/.vite/deps/element-plus.js?v=cc148ae8:25527
[     983ms] [WARNING] Invalid prop: validation failed for prop "type". Expected one of ["primary", "success", "info", "warning", "danger"], got value "". null at <ElTag>
at <TableTdWrapper>
at <ElTableBody>
at <ElScrollbar>
at <ElTable>
at <StandardAccountsView>
at <BaseTransition>
at <Transition>
at <RouterView>
at <App> [Object, Object, Object, Object, Object, Object, Object, Object, Object, Object] @ http://127.0.0.1:5173/node_modules/.vite/deps/element-plus.js?v=cc148ae8:25527
[     984ms] [WARNING] Invalid prop: custom validator check failed for prop "type". null at <ElTag>
at <TableTdWrapper>
at <ElTableBody>
at <ElScrollbar>
at <ElTable>
at <StandardAccountsView>
at <BaseTransition>
at <Transition>
at <RouterView>
at <App> [Object, Object, Object, Object, Object, Object, Object, Object, Object, Object] @ http://127.0.0.1:5173/node_modules/.vite/deps/element-plus.js?v=cc148ae8:25527
[     985ms] [WARNING] Invalid prop: validation failed for prop "type". Expected one of ["primary", "success", "info", "warning", "danger"], got value "". null at <ElTag>
at <TableTdWrapper>
at <ElTableBody>
at <ElScrollbar>
at <ElTable>
at <StandardAccountsView>
at <BaseTransition>
at <Transition>
at <RouterView>
at <App> [Object, Object, Object, Object, Object, Object, Object, Object, Object, Object] @ http://127.0.0.1:5173/node_modules/.vite/deps/element-plus.js?v=cc148ae8:25527
[     986ms] [WARNING] Invalid prop: custom validator check failed for prop "type". null at <ElTag>
at <TableTdWrapper>
at <ElTableBody>
at <ElScrollbar>
at <ElTable>
at <StandardAccountsView>
at <BaseTransition>
at <Transition>
at <RouterView>
at <App> [Object, Object, Object, Object, Object, Object, Object, Object, Object, Object] @ http://127.0.0.1:5173/node_modules/.vite/deps/element-plus.js?v=cc148ae8:25527
[     987ms] [WARNING] Invalid prop: validation failed for prop "type". Expected one of ["primary", "success", "info", "warning", "danger"], got value "". null at <ElTag>
at <TableTdWrapper>
at <ElTableBody>
at <ElScrollbar>
at <ElTable>
at <StandardAccountsView>
at <BaseTransition>
at <Transition>
at <RouterView>
at <App> [Object, Object, Object, Object, Object, Object, Object, Object, Object, Object] @ http://127.0.0.1:5173/node_modules/.vite/deps/element-plus.js?v=cc148ae8:25527
[     987ms] [WARNING] Invalid prop: custom validator check failed for prop "type". null at <ElTag>
at <TableTdWrapper>
at <ElTableBody>
at <ElScrollbar>
at <ElTable>
at <StandardAccountsView>
at <BaseTransition>
at <Transition>
at <RouterView>
at <App> [Object, Object, Object, Object, Object, Object, Object, Object, Object, Object] @ http://127.0.0.1:5173/node_modules/.vite/deps/element-plus.js?v=cc148ae8:25527
[     989ms] [WARNING] Invalid prop: validation failed for prop "type". Expected one of ["primary", "success", "info", "warning", "danger"], got value "". null at <ElTag>
at <TableTdWrapper>
at <ElTableBody>
at <ElScrollbar>
at <ElTable>
at <StandardAccountsView>
at <BaseTransition>
at <Transition>
at <RouterView>
at <App> [Object, Object, Object, Object, Object, Object, Object, Object, Object, Object] @ http://127.0.0.1:5173/node_modules/.vite/deps/element-plus.js?v=cc148ae8:25527
[     989ms] [WARNING] Invalid prop: custom validator check failed for prop "type". null at <ElTag>
at <TableTdWrapper>
at <ElTableBody>
at <ElScrollbar>
at <ElTable>
at <StandardAccountsView>
at <BaseTransition>
at <Transition>
at <RouterView>
at <App> [Object, Object, Object, Object, Object, Object, Object, Object, Object, Object] @ http://127.0.0.1:5173/node_modules/.vite/deps/element-plus.js?v=cc148ae8:25527
[     994ms] [WARNING] Invalid prop: validation failed for prop "type". Expected one of ["primary", "success", "info", "warning", "danger"], got value "". null at <ElTag>
at <TableTdWrapper>
at <ElTableBody>
at <ElScrollbar>
at <ElTable>
at <StandardAccountsView>
at <BaseTransition>
at <Transition>
at <RouterView>
at <App> [Object, Object, Object, Object, Object, Object, Object, Object, Object, Object] @ http://127.0.0.1:5173/node_modules/.vite/deps/element-plus.js?v=cc148ae8:25527
[     994ms] [WARNING] Invalid prop: custom validator check failed for prop "type". null at <ElTag>
at <TableTdWrapper>
at <ElTableBody>
at <ElScrollbar>
at <ElTable>
at <StandardAccountsView>
at <BaseTransition>
at <Transition>
at <RouterView>
at <App> [Object, Object, Object, Object, Object, Object, Object, Object, Object, Object] @ http://127.0.0.1:5173/node_modules/.vite/deps/element-plus.js?v=cc148ae8:25527
[     995ms] [WARNING] Invalid prop: validation failed for prop "type". Expected one of ["primary", "success", "info", "warning", "danger"], got value "". null at <ElTag>
at <TableTdWrapper>
at <ElTableBody>
at <ElScrollbar>
at <ElTable>
at <StandardAccountsView>
at <BaseTransition>
at <Transition>
at <RouterView>
at <App> [Object, Object, Object, Object, Object, Object, Object, Object, Object, Object] @ http://127.0.0.1:5173/node_modules/.vite/deps/element-plus.js?v=cc148ae8:25527
[     996ms] [WARNING] Invalid prop: custom validator check failed for prop "type". null at <ElTag>
at <TableTdWrapper>
at <ElTableBody>
at <ElScrollbar>
at <ElTable>
at <StandardAccountsView>
at <BaseTransition>
at <Transition>
at <RouterView>
at <App> [Object, Object, Object, Object, Object, Object, Object, Object, Object, Object] @ http://127.0.0.1:5173/node_modules/.vite/deps/element-plus.js?v=cc148ae8:25527
[     997ms] [WARNING] Invalid prop: validation failed for prop "type". Expected one of ["primary", "success", "info", "warning", "danger"], got value "". null at <ElTag>
at <TableTdWrapper>
at <ElTableBody>
at <ElScrollbar>
at <ElTable>
at <StandardAccountsView>
at <BaseTransition>
at <Transition>
at <RouterView>
at <App> [Object, Object, Object, Object, Object, Object, Object, Object, Object, Object] @ http://127.0.0.1:5173/node_modules/.vite/deps/element-plus.js?v=cc148ae8:25527
[     997ms] [WARNING] Invalid prop: custom validator check failed for prop "type". null at <ElTag>
at <TableTdWrapper>
at <ElTableBody>
at <ElScrollbar>
at <ElTable>
at <StandardAccountsView>
at <BaseTransition>
at <Transition>
at <RouterView>
at <App> [Object, Object, Object, Object, Object, Object, Object, Object, Object, Object] @ http://127.0.0.1:5173/node_modules/.vite/deps/element-plus.js?v=cc148ae8:25527
[     998ms] [WARNING] Invalid prop: validation failed for prop "type". Expected one of ["primary", "success", "info", "warning", "danger"], got value "". null at <ElTag>
at <TableTdWrapper>
at <ElTableBody>
at <ElScrollbar>
at <ElTable>
at <StandardAccountsView>
at <BaseTransition>
at <Transition>
at <RouterView>
at <App> [Object, Object, Object, Object, Object, Object, Object, Object, Object, Object] @ http://127.0.0.1:5173/node_modules/.vite/deps/element-plus.js?v=cc148ae8:25527
[     998ms] [WARNING] Invalid prop: custom validator check failed for prop "type". null at <ElTag>
at <TableTdWrapper>
at <ElTableBody>
at <ElScrollbar>
at <ElTable>
at <StandardAccountsView>
at <BaseTransition>
at <Transition>
at <RouterView>
at <App> [Object, Object, Object, Object, Object, Object, Object, Object, Object, Object] @ http://127.0.0.1:5173/node_modules/.vite/deps/element-plus.js?v=cc148ae8:25527
[    1000ms] [WARNING] Invalid prop: validation failed for prop "type". Expected one of ["primary", "success", "info", "warning", "danger"], got value "". null at <ElTag>
at <TableTdWrapper>
at <ElTableBody>
at <ElScrollbar>
at <ElTable>
at <StandardAccountsView>
at <BaseTransition>
at <Transition>
at <RouterView>
at <App> [Object, Object, Object, Object, Object, Object, Object, Object, Object, Object] @ http://127.0.0.1:5173/node_modules/.vite/deps/element-plus.js?v=cc148ae8:25527
[    1001ms] [WARNING] Invalid prop: custom validator check failed for prop "type". null at <ElTag>
at <TableTdWrapper>
at <ElTableBody>
at <ElScrollbar>
at <ElTable>
at <StandardAccountsView>
at <BaseTransition>
at <Transition>
at <RouterView>
at <App> [Object, Object, Object, Object, Object, Object, Object, Object, Object, Object] @ http://127.0.0.1:5173/node_modules/.vite/deps/element-plus.js?v=cc148ae8:25527
[    1002ms] [WARNING] Invalid prop: validation failed for prop "type". Expected one of ["primary", "success", "info", "warning", "danger"], got value "". null at <ElTag>
at <TableTdWrapper>
at <ElTableBody>
at <ElScrollbar>
at <ElTable>
at <StandardAccountsView>
at <BaseTransition>
at <Transition>
at <RouterView>
at <App> [Object, Object, Object, Object, Object, Object, Object, Object, Object, Object] @ http://127.0.0.1:5173/node_modules/.vite/deps/element-plus.js?v=cc148ae8:25527
[    1002ms] [WARNING] Invalid prop: custom validator check failed for prop "type". null at <ElTag>
at <TableTdWrapper>
at <ElTableBody>
at <ElScrollbar>
at <ElTable>
at <StandardAccountsView>
at <BaseTransition>
at <Transition>
at <RouterView>
at <App> [Object, Object, Object, Object, Object, Object, Object, Object, Object, Object] @ http://127.0.0.1:5173/node_modules/.vite/deps/element-plus.js?v=cc148ae8:25527
[    1003ms] [WARNING] Invalid prop: validation failed for prop "type". Expected one of ["primary", "success", "info", "warning", "danger"], got value "". null at <ElTag>
at <TableTdWrapper>
at <ElTableBody>
at <ElScrollbar>
at <ElTable>
at <StandardAccountsView>
at <BaseTransition>
at <Transition>
at <RouterView>
at <App> [Object, Object, Object, Object, Object, Object, Object, Object, Object, Object] @ http://127.0.0.1:5173/node_modules/.vite/deps/element-plus.js?v=cc148ae8:25527
[    1004ms] [WARNING] Invalid prop: custom validator check failed for prop "type". null at <ElTag>
at <TableTdWrapper>
at <ElTableBody>
at <ElScrollbar>
at <ElTable>
at <StandardAccountsView>
at <BaseTransition>
at <Transition>
at <RouterView>
at <App> [Object, Object, Object, Object, Object, Object, Object, Object, Object, Object] @ http://127.0.0.1:5173/node_modules/.vite/deps/element-plus.js?v=cc148ae8:25527
[    1005ms] [WARNING] Invalid prop: validation failed for prop "type". Expected one of ["primary", "success", "info", "warning", "danger"], got value "". null at <ElTag>
at <TableTdWrapper>
at <ElTableBody>
at <ElScrollbar>
at <ElTable>
at <StandardAccountsView>
at <BaseTransition>
at <Transition>
at <RouterView>
at <App> [Object, Object, Object, Object, Object, Object, Object, Object, Object, Object] @ http://127.0.0.1:5173/node_modules/.vite/deps/element-plus.js?v=cc148ae8:25527
[    1005ms] [WARNING] Invalid prop: custom validator check failed for prop "type". null at <ElTag>
at <TableTdWrapper>
at <ElTableBody>
at <ElScrollbar>
at <ElTable>
at <StandardAccountsView>
at <BaseTransition>
at <Transition>
at <RouterView>
at <App> [Object, Object, Object, Object, Object, Object, Object, Object, Object, Object] @ http://127.0.0.1:5173/node_modules/.vite/deps/element-plus.js?v=cc148ae8:25527
[    1006ms] [WARNING] Invalid prop: validation failed for prop "type". Expected one of ["primary", "success", "info", "warning", "danger"], got value "". null at <ElTag>
at <TableTdWrapper>
at <ElTableBody>
at <ElScrollbar>
at <ElTable>
at <StandardAccountsView>
at <BaseTransition>
at <Transition>
at <RouterView>
at <App> [Object, Object, Object, Object, Object, Object, Object, Object, Object, Object] @ http://127.0.0.1:5173/node_modules/.vite/deps/element-plus.js?v=cc148ae8:25527
[    1006ms] [WARNING] Invalid prop: custom validator check failed for prop "type". null at <ElTag>
at <TableTdWrapper>
at <ElTableBody>
at <ElScrollbar>
at <ElTable>
at <StandardAccountsView>
at <BaseTransition>
at <Transition>
at <RouterView>
at <App> [Object, Object, Object, Object, Object, Object, Object, Object, Object, Object] @ http://127.0.0.1:5173/node_modules/.vite/deps/element-plus.js?v=cc148ae8:25527
[    1007ms] [WARNING] Invalid prop: validation failed for prop "type". Expected one of ["primary", "success", "info", "warning", "danger"], got value "". null at <ElTag>
at <TableTdWrapper>
at <ElTableBody>
at <ElScrollbar>
at <ElTable>
at <StandardAccountsView>
at <BaseTransition>
at <Transition>
at <RouterView>
at <App> [Object, Object, Object, Object, Object, Object, Object, Object, Object, Object] @ http://127.0.0.1:5173/node_modules/.vite/deps/element-plus.js?v=cc148ae8:25527
[    1007ms] [WARNING] Invalid prop: custom validator check failed for prop "type". null at <ElTag>
at <TableTdWrapper>
at <ElTableBody>
at <ElScrollbar>
at <ElTable>
at <StandardAccountsView>
at <BaseTransition>
at <Transition>
at <RouterView>
at <App> [Object, Object, Object, Object, Object, Object, Object, Object, Object, Object] @ http://127.0.0.1:5173/node_modules/.vite/deps/element-plus.js?v=cc148ae8:25527
[    1011ms] [WARNING] Invalid prop: validation failed for prop "type". Expected one of ["primary", "success", "info", "warning", "danger"], got value "". null at <ElTag>
at <TableTdWrapper>
at <ElTableBody>
at <ElScrollbar>
at <ElTable>
at <StandardAccountsView>
at <BaseTransition>
at <Transition>
at <RouterView>
at <App> [Object, Object, Object, Object, Object, Object, Object, Object, Object, Object] @ http://127.0.0.1:5173/node_modules/.vite/deps/element-plus.js?v=cc148ae8:25527
[    1011ms] [WARNING] Invalid prop: custom validator check failed for prop "type". null at <ElTag>
at <TableTdWrapper>
at <ElTableBody>
at <ElScrollbar>
at <ElTable>
at <StandardAccountsView>
at <BaseTransition>
at <Transition>
at <RouterView>
at <App> [Object, Object, Object, Object, Object, Object, Object, Object, Object, Object] @ http://127.0.0.1:5173/node_modules/.vite/deps/element-plus.js?v=cc148ae8:25527
[    1013ms] [WARNING] Invalid prop: validation failed for prop "type". Expected one of ["primary", "success", "info", "warning", "danger"], got value "". null at <ElTag>
at <TableTdWrapper>
at <ElTableBody>
at <ElScrollbar>
at <ElTable>
at <StandardAccountsView>
at <BaseTransition>
at <Transition>
at <RouterView>
at <App> [Object, Object, Object, Object, Object, Object, Object, Object, Object, Object] @ http://127.0.0.1:5173/node_modules/.vite/deps/element-plus.js?v=cc148ae8:25527
[    1013ms] [WARNING] Invalid prop: custom validator check failed for prop "type". null at <ElTag>
at <TableTdWrapper>
at <ElTableBody>
at <ElScrollbar>
at <ElTable>
at <StandardAccountsView>
at <BaseTransition>
at <Transition>
at <RouterView>
at <App> [Object, Object, Object, Object, Object, Object, Object, Object, Object, Object] @ http://127.0.0.1:5173/node_modules/.vite/deps/element-plus.js?v=cc148ae8:25527
[    1014ms] [WARNING] Invalid prop: validation failed for prop "type". Expected one of ["primary", "success", "info", "warning", "danger"], got value "". null at <ElTag>
at <TableTdWrapper>
at <ElTableBody>
at <ElScrollbar>
at <ElTable>
at <StandardAccountsView>
at <BaseTransition>
at <Transition>
at <RouterView>
at <App> [Object, Object, Object, Object, Object, Object, Object, Object, Object, Object] @ http://127.0.0.1:5173/node_modules/.vite/deps/element-plus.js?v=cc148ae8:25527
[    1014ms] [WARNING] Invalid prop: custom validator check failed for prop "type". null at <ElTag>
at <TableTdWrapper>
at <ElTableBody>
at <ElScrollbar>
at <ElTable>
at <StandardAccountsView>
at <BaseTransition>
at <Transition>
at <RouterView>
at <App> [Object, Object, Object, Object, Object, Object, Object, Object, Object, Object] @ http://127.0.0.1:5173/node_modules/.vite/deps/element-plus.js?v=cc148ae8:25527
[    1015ms] [WARNING] Invalid prop: validation failed for prop "type". Expected one of ["primary", "success", "info", "warning", "danger"], got value "". null at <ElTag>
at <TableTdWrapper>
at <ElTableBody>
at <ElScrollbar>
at <ElTable>
at <StandardAccountsView>
at <BaseTransition>
at <Transition>
at <RouterView>
at <App> [Object, Object, Object, Object, Object, Object, Object, Object, Object, Object] @ http://127.0.0.1:5173/node_modules/.vite/deps/element-plus.js?v=cc148ae8:25527
[    1015ms] [WARNING] Invalid prop: custom validator check failed for prop "type". null at <ElTag>
at <TableTdWrapper>
at <ElTableBody>
at <ElScrollbar>
at <ElTable>
at <StandardAccountsView>
at <BaseTransition>
at <Transition>
at <RouterView>
at <App> [Object, Object, Object, Object, Object, Object, Object, Object, Object, Object] @ http://127.0.0.1:5173/node_modules/.vite/deps/element-plus.js?v=cc148ae8:25527
[    1017ms] [WARNING] Invalid prop: validation failed for prop "type". Expected one of ["primary", "success", "info", "warning", "danger"], got value "". null at <ElTag>
at <TableTdWrapper>
at <ElTableBody>
at <ElScrollbar>
at <ElTable>
at <StandardAccountsView>
at <BaseTransition>
at <Transition>
at <RouterView>
at <App> [Object, Object, Object, Object, Object, Object, Object, Object, Object, Object] @ http://127.0.0.1:5173/node_modules/.vite/deps/element-plus.js?v=cc148ae8:25527
[    1017ms] [WARNING] Invalid prop: custom validator check failed for prop "type". null at <ElTag>
at <TableTdWrapper>
at <ElTableBody>
at <ElScrollbar>
at <ElTable>
at <StandardAccountsView>
at <BaseTransition>
at <Transition>
at <RouterView>
at <App> [Object, Object, Object, Object, Object, Object, Object, Object, Object, Object] @ http://127.0.0.1:5173/node_modules/.vite/deps/element-plus.js?v=cc148ae8:25527
[    1018ms] [WARNING] Invalid prop: validation failed for prop "type". Expected one of ["primary", "success", "info", "warning", "danger"], got value "". null at <ElTag>
at <TableTdWrapper>
at <ElTableBody>
at <ElScrollbar>
at <ElTable>
at <StandardAccountsView>
at <BaseTransition>
at <Transition>
at <RouterView>
at <App> [Object, Object, Object, Object, Object, Object, Object, Object, Object, Object] @ http://127.0.0.1:5173/node_modules/.vite/deps/element-plus.js?v=cc148ae8:25527
[    1018ms] [WARNING] Invalid prop: custom validator check failed for prop "type". null at <ElTag>
at <TableTdWrapper>
at <ElTableBody>
at <ElScrollbar>
at <ElTable>
at <StandardAccountsView>
at <BaseTransition>
at <Transition>
at <RouterView>
at <App> [Object, Object, Object, Object, Object, Object, Object, Object, Object, Object] @ http://127.0.0.1:5173/node_modules/.vite/deps/element-plus.js?v=cc148ae8:25527
[    1019ms] [WARNING] Invalid prop: validation failed for prop "type". Expected one of ["primary", "success", "info", "warning", "danger"], got value "". null at <ElTag>
at <TableTdWrapper>
at <ElTableBody>
at <ElScrollbar>
at <ElTable>
at <StandardAccountsView>
at <BaseTransition>
at <Transition>
at <RouterView>
at <App> [Object, Object, Object, Object, Object, Object, Object, Object, Object, Object] @ http://127.0.0.1:5173/node_modules/.vite/deps/element-plus.js?v=cc148ae8:25527
[    1020ms] [WARNING] Invalid prop: custom validator check failed for prop "type". null at <ElTag>
at <TableTdWrapper>
at <ElTableBody>
at <ElScrollbar>
at <ElTable>
at <StandardAccountsView>
at <BaseTransition>
at <Transition>
at <RouterView>
at <App> [Object, Object, Object, Object, Object, Object, Object, Object, Object, Object] @ http://127.0.0.1:5173/node_modules/.vite/deps/element-plus.js?v=cc148ae8:25527
[    1021ms] [WARNING] Invalid prop: validation failed for prop "type". Expected one of ["primary", "success", "info", "warning", "danger"], got value "". null at <ElTag>
at <TableTdWrapper>
at <ElTableBody>
at <ElScrollbar>
at <ElTable>
at <StandardAccountsView>
at <BaseTransition>
at <Transition>
at <RouterView>
at <App> [Object, Object, Object, Object, Object, Object, Object, Object, Object, Object] @ http://127.0.0.1:5173/node_modules/.vite/deps/element-plus.js?v=cc148ae8:25527
[    1021ms] [WARNING] Invalid prop: custom validator check failed for prop "type". null at <ElTag>
at <TableTdWrapper>
at <ElTableBody>
at <ElScrollbar>
at <ElTable>
at <StandardAccountsView>
at <BaseTransition>
at <Transition>
at <RouterView>
at <App> [Object, Object, Object, Object, Object, Object, Object, Object, Object, Object] @ http://127.0.0.1:5173/node_modules/.vite/deps/element-plus.js?v=cc148ae8:25527
[    1022ms] [WARNING] Invalid prop: validation failed for prop "type". Expected one of ["primary", "success", "info", "warning", "danger"], got value "". null at <ElTag>
at <TableTdWrapper>
at <ElTableBody>
at <ElScrollbar>
at <ElTable>
at <StandardAccountsView>
at <BaseTransition>
at <Transition>
at <RouterView>
at <App> [Object, Object, Object, Object, Object, Object, Object, Object, Object, Object] @ http://127.0.0.1:5173/node_modules/.vite/deps/element-plus.js?v=cc148ae8:25527
[    1023ms] [WARNING] Invalid prop: custom validator check failed for prop "type". null at <ElTag>
at <TableTdWrapper>
at <ElTableBody>
at <ElScrollbar>
at <ElTable>
at <StandardAccountsView>
at <BaseTransition>
at <Transition>
at <RouterView>
at <App> [Object, Object, Object, Object, Object, Object, Object, Object, Object, Object] @ http://127.0.0.1:5173/node_modules/.vite/deps/element-plus.js?v=cc148ae8:25527
[    1024ms] [WARNING] Invalid prop: validation failed for prop "type". Expected one of ["primary", "success", "info", "warning", "danger"], got value "". null at <ElTag>
at <TableTdWrapper>
at <ElTableBody>
at <ElScrollbar>
at <ElTable>
at <StandardAccountsView>
at <BaseTransition>
at <Transition>
at <RouterView>
at <App> [Object, Object, Object, Object, Object, Object, Object, Object, Object, Object] @ http://127.0.0.1:5173/node_modules/.vite/deps/element-plus.js?v=cc148ae8:25527
[    1024ms] [WARNING] Invalid prop: custom validator check failed for prop "type". null at <ElTag>
at <TableTdWrapper>
at <ElTableBody>
at <ElScrollbar>
at <ElTable>
at <StandardAccountsView>
at <BaseTransition>
at <Transition>
at <RouterView>
at <App> [Object, Object, Object, Object, Object, Object, Object, Object, Object, Object] @ http://127.0.0.1:5173/node_modules/.vite/deps/element-plus.js?v=cc148ae8:25527
[    1025ms] [WARNING] Invalid prop: validation failed for prop "type". Expected one of ["primary", "success", "info", "warning", "danger"], got value "". null at <ElTag>
at <TableTdWrapper>
at <ElTableBody>
at <ElScrollbar>
at <ElTable>
at <StandardAccountsView>
at <BaseTransition>
at <Transition>
at <RouterView>
at <App> [Object, Object, Object, Object, Object, Object, Object, Object, Object, Object] @ http://127.0.0.1:5173/node_modules/.vite/deps/element-plus.js?v=cc148ae8:25527
[    1025ms] [WARNING] Invalid prop: custom validator check failed for prop "type". null at <ElTag>
at <TableTdWrapper>
at <ElTableBody>
at <ElScrollbar>
at <ElTable>
at <StandardAccountsView>
at <BaseTransition>
at <Transition>
at <RouterView>
at <App> [Object, Object, Object, Object, Object, Object, Object, Object, Object, Object] @ http://127.0.0.1:5173/node_modules/.vite/deps/element-plus.js?v=cc148ae8:25527
[    1026ms] [WARNING] Invalid prop: validation failed for prop "type". Expected one of ["primary", "success", "info", "warning", "danger"], got value "". null at <ElTag>
at <TableTdWrapper>
at <ElTableBody>
at <ElScrollbar>
at <ElTable>
at <StandardAccountsView>
at <BaseTransition>
at <Transition>
at <RouterView>
at <App> [Object, Object, Object, Object, Object, Object, Object, Object, Object, Object] @ http://127.0.0.1:5173/node_modules/.vite/deps/element-plus.js?v=cc148ae8:25527
[    1026ms] [WARNING] Invalid prop: custom validator check failed for prop "type". null at <ElTag>
at <TableTdWrapper>
at <ElTableBody>
at <ElScrollbar>
at <ElTable>
at <StandardAccountsView>
at <BaseTransition>
at <Transition>
at <RouterView>
at <App> [Object, Object, Object, Object, Object, Object, Object, Object, Object, Object] @ http://127.0.0.1:5173/node_modules/.vite/deps/element-plus.js?v=cc148ae8:25527
[    1027ms] [WARNING] Invalid prop: validation failed for prop "type". Expected one of ["primary", "success", "info", "warning", "danger"], got value "". null at <ElTag>
at <TableTdWrapper>
at <ElTableBody>
at <ElScrollbar>
at <ElTable>
at <StandardAccountsView>
at <BaseTransition>
at <Transition>
at <RouterView>
at <App> [Object, Object, Object, Object, Object, Object, Object, Object, Object, Object] @ http://127.0.0.1:5173/node_modules/.vite/deps/element-plus.js?v=cc148ae8:25527
[    1028ms] [WARNING] Invalid prop: custom validator check failed for prop "type". null at <ElTag>
at <TableTdWrapper>
at <ElTableBody>
at <ElScrollbar>
at <ElTable>
at <StandardAccountsView>
at <BaseTransition>
at <Transition>
at <RouterView>
at <App> [Object, Object, Object, Object, Object, Object, Object, Object, Object, Object] @ http://127.0.0.1:5173/node_modules/.vite/deps/element-plus.js?v=cc148ae8:25527
[    1029ms] [WARNING] Invalid prop: validation failed for prop "type". Expected one of ["primary", "success", "info", "warning", "danger"], got value "". null at <ElTag>
at <TableTdWrapper>
at <ElTableBody>
at <ElScrollbar>
at <ElTable>
at <StandardAccountsView>
at <BaseTransition>
at <Transition>
at <RouterView>
at <App> [Object, Object, Object, Object, Object, Object, Object, Object, Object, Object] @ http://127.0.0.1:5173/node_modules/.vite/deps/element-plus.js?v=cc148ae8:25527
[    1030ms] [WARNING] Invalid prop: custom validator check failed for prop "type". null at <ElTag>
at <TableTdWrapper>
at <ElTableBody>
at <ElScrollbar>
at <ElTable>
at <StandardAccountsView>
at <BaseTransition>
at <Transition>
at <RouterView>
at <App> [Object, Object, Object, Object, Object, Object, Object, Object, Object, Object] @ http://127.0.0.1:5173/node_modules/.vite/deps/element-plus.js?v=cc148ae8:25527
