[     262ms] [WARNING] Invalid prop: validation failed for prop "type". Expected one of ["primary", "success", "info", "warning", "danger"], got value "". null at <ElTag>
at <TableTdWrapper>
at <ElTableBody>
at <ElScrollbar>
at <ElTable>
at <StandardAccountsView>
at <BaseTransition>
at <Transition>
at <RouterView>
at <App> [Object, Object, Object, Object, Object, Object, Object, Object, Object, Object] @ http://127.0.0.1:5173/node_modules/.vite/deps/element-plus.js?v=cc148ae8:25527
[     262ms] [WARNING] Invalid prop: custom validator check failed for prop "type". null at <ElTag>
at <TableTdWrapper>
at <ElTableBody>
at <ElScrollbar>
at <ElTable>
at <StandardAccountsView>
at <BaseTransition>
at <Transition>
at <RouterView>
at <App> [Object, Object, Object, Object, Object, Object, Object, Object, Object, Object] @ http://127.0.0.1:5173/node_modules/.vite/deps/element-plus.js?v=cc148ae8:25527
[     264ms] [WARNING] Invalid prop: validation failed for prop "type". Expected one of ["primary", "success", "info", "warning", "danger"], got value "". null at <ElTag>
at <TableTdWrapper>
at <ElTableBody>
at <ElScrollbar>
at <ElTable>
at <StandardAccountsView>
at <BaseTransition>
at <Transition>
at <RouterView>
at <App> [Object, Object, Object, Object, Object, Object, Object, Object, Object, Object] @ http://127.0.0.1:5173/node_modules/.vite/deps/element-plus.js?v=cc148ae8:25527
[     264ms] [WARNING] Invalid prop: custom validator check failed for prop "type". null at <ElTag>
at <TableTdWrapper>
at <ElTableBody>
at <ElScrollbar>
at <ElTable>
at <StandardAccountsView>
at <BaseTransition>
at <Transition>
at <RouterView>
at <App> [Object, Object, Object, Object, Object, Object, Object, Object, Object, Object] @ http://127.0.0.1:5173/node_modules/.vite/deps/element-plus.js?v=cc148ae8:25527
[     265ms] [WARNING] Invalid prop: validation failed for prop "type". Expected one of ["primary", "success", "info", "warning", "danger"], got value "". null at <ElTag>
at <TableTdWrapper>
at <ElTableBody>
at <ElScrollbar>
at <ElTable>
at <StandardAccountsView>
at <BaseTransition>
at <Transition>
at <RouterView>
at <App> [Object, Object, Object, Object, Object, Object, Object, Object, Object, Object] @ http://127.0.0.1:5173/node_modules/.vite/deps/element-plus.js?v=cc148ae8:25527
[     265ms] [WARNING] Invalid prop: custom validator check failed for prop "type". null at <ElTag>
at <TableTdWrapper>
at <ElTableBody>
at <ElScrollbar>
at <ElTable>
at <StandardAccountsView>
at <BaseTransition>
at <Transition>
at <RouterView>
at <App> [Object, Object, Object, Object, Object, Object, Object, Object, Object, Object] @ http://127.0.0.1:5173/node_modules/.vite/deps/element-plus.js?v=cc148ae8:25527
[     266ms] [WARNING] Invalid prop: validation failed for prop "type". Expected one of ["primary", "success", "info", "warning", "danger"], got value "". null at <ElTag>
at <TableTdWrapper>
at <ElTableBody>
at <ElScrollbar>
at <ElTable>
at <StandardAccountsView>
at <BaseTransition>
at <Transition>
at <RouterView>
at <App> [Object, Object, Object, Object, Object, Object, Object, Object, Object, Object] @ http://127.0.0.1:5173/node_modules/.vite/deps/element-plus.js?v=cc148ae8:25527
[     266ms] [WARNING] Invalid prop: custom validator check failed for prop "type". null at <ElTag>
at <TableTdWrapper>
at <ElTableBody>
at <ElScrollbar>
at <ElTable>
at <StandardAccountsView>
at <BaseTransition>
at <Transition>
at <RouterView>
at <App> [Object, Object, Object, Object, Object, Object, Object, Object, Object, Object] @ http://127.0.0.1:5173/node_modules/.vite/deps/element-plus.js?v=cc148ae8:25527
[     267ms] [WARNING] Invalid prop: validation failed for prop "type". Expected one of ["primary", "success", "info", "warning", "danger"], got value "". null at <ElTag>
at <TableTdWrapper>
at <ElTableBody>
at <ElScrollbar>
at <ElTable>
at <StandardAccountsView>
at <BaseTransition>
at <Transition>
at <RouterView>
at <App> [Object, Object, Object, Object, Object, Object, Object, Object, Object, Object] @ http://127.0.0.1:5173/node_modules/.vite/deps/element-plus.js?v=cc148ae8:25527
[     267ms] [WARNING] Invalid prop: custom validator check failed for prop "type". null at <ElTag>
at <TableTdWrapper>
at <ElTableBody>
at <ElScrollbar>
at <ElTable>
at <StandardAccountsView>
at <BaseTransition>
at <Transition>
at <RouterView>
at <App> [Object, Object, Object, Object, Object, Object, Object, Object, Object, Object] @ http://127.0.0.1:5173/node_modules/.vite/deps/element-plus.js?v=cc148ae8:25527
[     269ms] [WARNING] Invalid prop: validation failed for prop "type". Expected one of ["primary", "success", "info", "warning", "danger"], got value "". null at <ElTag>
at <TableTdWrapper>
at <ElTableBody>
at <ElScrollbar>
at <ElTable>
at <StandardAccountsView>
at <BaseTransition>
at <Transition>
at <RouterView>
at <App> [Object, Object, Object, Object, Object, Object, Object, Object, Object, Object] @ http://127.0.0.1:5173/node_modules/.vite/deps/element-plus.js?v=cc148ae8:25527
[     270ms] [WARNING] Invalid prop: custom validator check failed for prop "type". null at <ElTag>
at <TableTdWrapper>
at <ElTableBody>
at <ElScrollbar>
at <ElTable>
at <StandardAccountsView>
at <BaseTransition>
at <Transition>
at <RouterView>
at <App> [Object, Object, Object, Object, Object, Object, Object, Object, Object, Object] @ http://127.0.0.1:5173/node_modules/.vite/deps/element-plus.js?v=cc148ae8:25527
[     271ms] [WARNING] Invalid prop: validation failed for prop "type". Expected one of ["primary", "success", "info", "warning", "danger"], got value "". null at <ElTag>
at <TableTdWrapper>
at <ElTableBody>
at <ElScrollbar>
at <ElTable>
at <StandardAccountsView>
at <BaseTransition>
at <Transition>
at <RouterView>
at <App> [Object, Object, Object, Object, Object, Object, Object, Object, Object, Object] @ http://127.0.0.1:5173/node_modules/.vite/deps/element-plus.js?v=cc148ae8:25527
[     271ms] [WARNING] Invalid prop: custom validator check failed for prop "type". null at <ElTag>
at <TableTdWrapper>
at <ElTableBody>
at <ElScrollbar>
at <ElTable>
at <StandardAccountsView>
at <BaseTransition>
at <Transition>
at <RouterView>
at <App> [Object, Object, Object, Object, Object, Object, Object, Object, Object, Object] @ http://127.0.0.1:5173/node_modules/.vite/deps/element-plus.js?v=cc148ae8:25527
[     272ms] [WARNING] Invalid prop: validation failed for prop "type". Expected one of ["primary", "success", "info", "warning", "danger"], got value "". null at <ElTag>
at <TableTdWrapper>
at <ElTableBody>
at <ElScrollbar>
at <ElTable>
at <StandardAccountsView>
at <BaseTransition>
at <Transition>
at <RouterView>
at <App> [Object, Object, Object, Object, Object, Object, Object, Object, Object, Object] @ http://127.0.0.1:5173/node_modules/.vite/deps/element-plus.js?v=cc148ae8:25527
[     272ms] [WARNING] Invalid prop: custom validator check failed for prop "type". null at <ElTag>
at <TableTdWrapper>
at <ElTableBody>
at <ElScrollbar>
at <ElTable>
at <StandardAccountsView>
at <BaseTransition>
at <Transition>
at <RouterView>
at <App> [Object, Object, Object, Object, Object, Object, Object, Object, Object, Object] @ http://127.0.0.1:5173/node_modules/.vite/deps/element-plus.js?v=cc148ae8:25527
[     273ms] [WARNING] Invalid prop: validation failed for prop "type". Expected one of ["primary", "success", "info", "warning", "danger"], got value "". null at <ElTag>
at <TableTdWrapper>
at <ElTableBody>
at <ElScrollbar>
at <ElTable>
at <StandardAccountsView>
at <BaseTransition>
at <Transition>
at <RouterView>
at <App> [Object, Object, Object, Object, Object, Object, Object, Object, Object, Object] @ http://127.0.0.1:5173/node_modules/.vite/deps/element-plus.js?v=cc148ae8:25527
[     273ms] [WARNING] Invalid prop: custom validator check failed for prop "type". null at <ElTag>
at <TableTdWrapper>
at <ElTableBody>
at <ElScrollbar>
at <ElTable>
at <StandardAccountsView>
at <BaseTransition>
at <Transition>
at <RouterView>
at <App> [Object, Object, Object, Object, Object, Object, Object, Object, Object, Object] @ http://127.0.0.1:5173/node_modules/.vite/deps/element-plus.js?v=cc148ae8:25527
[     273ms] [WARNING] Invalid prop: validation failed for prop "type". Expected one of ["primary", "success", "info", "warning", "danger"], got value "". null at <ElTag>
at <TableTdWrapper>
at <ElTableBody>
at <ElScrollbar>
at <ElTable>
at <StandardAccountsView>
at <BaseTransition>
at <Transition>
at <RouterView>
at <App> [Object, Object, Object, Object, Object, Object, Object, Object, Object, Object] @ http://127.0.0.1:5173/node_modules/.vite/deps/element-plus.js?v=cc148ae8:25527
[     274ms] [WARNING] Invalid prop: custom validator check failed for prop "type". null at <ElTag>
at <TableTdWrapper>
at <ElTableBody>
at <ElScrollbar>
at <ElTable>
at <StandardAccountsView>
at <BaseTransition>
at <Transition>
at <RouterView>
at <App> [Object, Object, Object, Object, Object, Object, Object, Object, Object, Object] @ http://127.0.0.1:5173/node_modules/.vite/deps/element-plus.js?v=cc148ae8:25527
[     276ms] [WARNING] Invalid prop: validation failed for prop "type". Expected one of ["primary", "success", "info", "warning", "danger"], got value "". null at <ElTag>
at <TableTdWrapper>
at <ElTableBody>
at <ElScrollbar>
at <ElTable>
at <StandardAccountsView>
at <BaseTransition>
at <Transition>
at <RouterView>
at <App> [Object, Object, Object, Object, Object, Object, Object, Object, Object, Object] @ http://127.0.0.1:5173/node_modules/.vite/deps/element-plus.js?v=cc148ae8:25527
[     276ms] [WARNING] Invalid prop: custom validator check failed for prop "type". null at <ElTag>
at <TableTdWrapper>
at <ElTableBody>
at <ElScrollbar>
at <ElTable>
at <StandardAccountsView>
at <BaseTransition>
at <Transition>
at <RouterView>
at <App> [Object, Object, Object, Object, Object, Object, Object, Object, Object, Object] @ http://127.0.0.1:5173/node_modules/.vite/deps/element-plus.js?v=cc148ae8:25527
[     277ms] [WARNING] Invalid prop: validation failed for prop "type". Expected one of ["primary", "success", "info", "warning", "danger"], got value "". null at <ElTag>
at <TableTdWrapper>
at <ElTableBody>
at <ElScrollbar>
at <ElTable>
at <StandardAccountsView>
at <BaseTransition>
at <Transition>
at <RouterView>
at <App> [Object, Object, Object, Object, Object, Object, Object, Object, Object, Object] @ http://127.0.0.1:5173/node_modules/.vite/deps/element-plus.js?v=cc148ae8:25527
[     278ms] [WARNING] Invalid prop: custom validator check failed for prop "type". null at <ElTag>
at <TableTdWrapper>
at <ElTableBody>
at <ElScrollbar>
at <ElTable>
at <StandardAccountsView>
at <BaseTransition>
at <Transition>
at <RouterView>
at <App> [Object, Object, Object, Object, Object, Object, Object, Object, Object, Object] @ http://127.0.0.1:5173/node_modules/.vite/deps/element-plus.js?v=cc148ae8:25527
[     279ms] [WARNING] Invalid prop: validation failed for prop "type". Expected one of ["primary", "success", "info", "warning", "danger"], got value "". null at <ElTag>
at <TableTdWrapper>
at <ElTableBody>
at <ElScrollbar>
at <ElTable>
at <StandardAccountsView>
at <BaseTransition>
at <Transition>
at <RouterView>
at <App> [Object, Object, Object, Object, Object, Object, Object, Object, Object, Object] @ http://127.0.0.1:5173/node_modules/.vite/deps/element-plus.js?v=cc148ae8:25527
[     279ms] [WARNING] Invalid prop: custom validator check failed for prop "type". null at <ElTag>
at <TableTdWrapper>
at <ElTableBody>
at <ElScrollbar>
at <ElTable>
at <StandardAccountsView>
at <BaseTransition>
at <Transition>
at <RouterView>
at <App> [Object, Object, Object, Object, Object, Object, Object, Object, Object, Object] @ http://127.0.0.1:5173/node_modules/.vite/deps/element-plus.js?v=cc148ae8:25527
[     279ms] [WARNING] Invalid prop: validation failed for prop "type". Expected one of ["primary", "success", "info", "warning", "danger"], got value "". null at <ElTag>
at <TableTdWrapper>
at <ElTableBody>
at <ElScrollbar>
at <ElTable>
at <StandardAccountsView>
at <BaseTransition>
at <Transition>
at <RouterView>
at <App> [Object, Object, Object, Object, Object, Object, Object, Object, Object, Object] @ http://127.0.0.1:5173/node_modules/.vite/deps/element-plus.js?v=cc148ae8:25527
[     280ms] [WARNING] Invalid prop: custom validator check failed for prop "type". null at <ElTag>
at <TableTdWrapper>
at <ElTableBody>
at <ElScrollbar>
at <ElTable>
at <StandardAccountsView>
at <BaseTransition>
at <Transition>
at <RouterView>
at <App> [Object, Object, Object, Object, Object, Object, Object, Object, Object, Object] @ http://127.0.0.1:5173/node_modules/.vite/deps/element-plus.js?v=cc148ae8:25527
[     281ms] [WARNING] Invalid prop: validation failed for prop "type". Expected one of ["primary", "success", "info", "warning", "danger"], got value "". null at <ElTag>
at <TableTdWrapper>
at <ElTableBody>
at <ElScrollbar>
at <ElTable>
at <StandardAccountsView>
at <BaseTransition>
at <Transition>
at <RouterView>
at <App> [Object, Object, Object, Object, Object, Object, Object, Object, Object, Object] @ http://127.0.0.1:5173/node_modules/.vite/deps/element-plus.js?v=cc148ae8:25527
[     282ms] [WARNING] Invalid prop: custom validator check failed for prop "type". null at <ElTag>
at <TableTdWrapper>
at <ElTableBody>
at <ElScrollbar>
at <ElTable>
at <StandardAccountsView>
at <BaseTransition>
at <Transition>
at <RouterView>
at <App> [Object, Object, Object, Object, Object, Object, Object, Object, Object, Object] @ http://127.0.0.1:5173/node_modules/.vite/deps/element-plus.js?v=cc148ae8:25527
[     282ms] [WARNING] Invalid prop: validation failed for prop "type". Expected one of ["primary", "success", "info", "warning", "danger"], got value "". null at <ElTag>
at <TableTdWrapper>
at <ElTableBody>
at <ElScrollbar>
at <ElTable>
at <StandardAccountsView>
at <BaseTransition>
at <Transition>
at <RouterView>
at <App> [Object, Object, Object, Object, Object, Object, Object, Object, Object, Object] @ http://127.0.0.1:5173/node_modules/.vite/deps/element-plus.js?v=cc148ae8:25527
[     283ms] [WARNING] Invalid prop: custom validator check failed for prop "type". null at <ElTag>
at <TableTdWrapper>
at <ElTableBody>
at <ElScrollbar>
at <ElTable>
at <StandardAccountsView>
at <BaseTransition>
at <Transition>
at <RouterView>
at <App> [Object, Object, Object, Object, Object, Object, Object, Object, Object, Object] @ http://127.0.0.1:5173/node_modules/.vite/deps/element-plus.js?v=cc148ae8:25527
[     283ms] [WARNING] Invalid prop: validation failed for prop "type". Expected one of ["primary", "success", "info", "warning", "danger"], got value "". null at <ElTag>
at <TableTdWrapper>
at <ElTableBody>
at <ElScrollbar>
at <ElTable>
at <StandardAccountsView>
at <BaseTransition>
at <Transition>
at <RouterView>
at <App> [Object, Object, Object, Object, Object, Object, Object, Object, Object, Object] @ http://127.0.0.1:5173/node_modules/.vite/deps/element-plus.js?v=cc148ae8:25527
[     284ms] [WARNING] Invalid prop: custom validator check failed for prop "type". null at <ElTag>
at <TableTdWrapper>
at <ElTableBody>
at <ElScrollbar>
at <ElTable>
at <StandardAccountsView>
at <BaseTransition>
at <Transition>
at <RouterView>
at <App> [Object, Object, Object, Object, Object, Object, Object, Object, Object, Object] @ http://127.0.0.1:5173/node_modules/.vite/deps/element-plus.js?v=cc148ae8:25527
[     284ms] [WARNING] Invalid prop: validation failed for prop "type". Expected one of ["primary", "success", "info", "warning", "danger"], got value "". null at <ElTag>
at <TableTdWrapper>
at <ElTableBody>
at <ElScrollbar>
at <ElTable>
at <StandardAccountsView>
at <BaseTransition>
at <Transition>
at <RouterView>
at <App> [Object, Object, Object, Object, Object, Object, Object, Object, Object, Object] @ http://127.0.0.1:5173/node_modules/.vite/deps/element-plus.js?v=cc148ae8:25527
[     284ms] [WARNING] Invalid prop: custom validator check failed for prop "type". null at <ElTag>
at <TableTdWrapper>
at <ElTableBody>
at <ElScrollbar>
at <ElTable>
at <StandardAccountsView>
at <BaseTransition>
at <Transition>
at <RouterView>
at <App> [Object, Object, Object, Object, Object, Object, Object, Object, Object, Object] @ http://127.0.0.1:5173/node_modules/.vite/deps/element-plus.js?v=cc148ae8:25527
[     285ms] [WARNING] Invalid prop: validation failed for prop "type". Expected one of ["primary", "success", "info", "warning", "danger"], got value "". null at <ElTag>
at <TableTdWrapper>
at <ElTableBody>
at <ElScrollbar>
at <ElTable>
at <StandardAccountsView>
at <BaseTransition>
at <Transition>
at <RouterView>
at <App> [Object, Object, Object, Object, Object, Object, Object, Object, Object, Object] @ http://127.0.0.1:5173/node_modules/.vite/deps/element-plus.js?v=cc148ae8:25527
[     285ms] [WARNING] Invalid prop: custom validator check failed for prop "type". null at <ElTag>
at <TableTdWrapper>
at <ElTableBody>
at <ElScrollbar>
at <ElTable>
at <StandardAccountsView>
at <BaseTransition>
at <Transition>
at <RouterView>
at <App> [Object, Object, Object, Object, Object, Object, Object, Object, Object, Object] @ http://127.0.0.1:5173/node_modules/.vite/deps/element-plus.js?v=cc148ae8:25527
[     287ms] [WARNING] Invalid prop: validation failed for prop "type". Expected one of ["primary", "success", "info", "warning", "danger"], got value "". null at <ElTag>
at <TableTdWrapper>
at <ElTableBody>
at <ElScrollbar>
at <ElTable>
at <StandardAccountsView>
at <BaseTransition>
at <Transition>
at <RouterView>
at <App> [Object, Object, Object, Object, Object, Object, Object, Object, Object, Object] @ http://127.0.0.1:5173/node_modules/.vite/deps/element-plus.js?v=cc148ae8:25527
[     287ms] [WARNING] Invalid prop: custom validator check failed for prop "type". null at <ElTag>
at <TableTdWrapper>
at <ElTableBody>
at <ElScrollbar>
at <ElTable>
at <StandardAccountsView>
at <BaseTransition>
at <Transition>
at <RouterView>
at <App> [Object, Object, Object, Object, Object, Object, Object, Object, Object, Object] @ http://127.0.0.1:5173/node_modules/.vite/deps/element-plus.js?v=cc148ae8:25527
[     288ms] [WARNING] Invalid prop: validation failed for prop "type". Expected one of ["primary", "success", "info", "warning", "danger"], got value "". null at <ElTag>
at <TableTdWrapper>
at <ElTableBody>
at <ElScrollbar>
at <ElTable>
at <StandardAccountsView>
at <BaseTransition>
at <Transition>
at <RouterView>
at <App> [Object, Object, Object, Object, Object, Object, Object, Object, Object, Object] @ http://127.0.0.1:5173/node_modules/.vite/deps/element-plus.js?v=cc148ae8:25527
[     288ms] [WARNING] Invalid prop: custom validator check failed for prop "type". null at <ElTag>
at <TableTdWrapper>
at <ElTableBody>
at <ElScrollbar>
at <ElTable>
at <StandardAccountsView>
at <BaseTransition>
at <Transition>
at <RouterView>
at <App> [Object, Object, Object, Object, Object, Object, Object, Object, Object, Object] @ http://127.0.0.1:5173/node_modules/.vite/deps/element-plus.js?v=cc148ae8:25527
[     289ms] [WARNING] Invalid prop: validation failed for prop "type". Expected one of ["primary", "success", "info", "warning", "danger"], got value "". null at <ElTag>
at <TableTdWrapper>
at <ElTableBody>
at <ElScrollbar>
at <ElTable>
at <StandardAccountsView>
at <BaseTransition>
at <Transition>
at <RouterView>
at <App> [Object, Object, Object, Object, Object, Object, Object, Object, Object, Object] @ http://127.0.0.1:5173/node_modules/.vite/deps/element-plus.js?v=cc148ae8:25527
[     289ms] [WARNING] Invalid prop: custom validator check failed for prop "type". null at <ElTag>
at <TableTdWrapper>
at <ElTableBody>
at <ElScrollbar>
at <ElTable>
at <StandardAccountsView>
at <BaseTransition>
at <Transition>
at <RouterView>
at <App> [Object, Object, Object, Object, Object, Object, Object, Object, Object, Object] @ http://127.0.0.1:5173/node_modules/.vite/deps/element-plus.js?v=cc148ae8:25527
[     290ms] [WARNING] Invalid prop: validation failed for prop "type". Expected one of ["primary", "success", "info", "warning", "danger"], got value "". null at <ElTag>
at <TableTdWrapper>
at <ElTableBody>
at <ElScrollbar>
at <ElTable>
at <StandardAccountsView>
at <BaseTransition>
at <Transition>
at <RouterView>
at <App> [Object, Object, Object, Object, Object, Object, Object, Object, Object, Object] @ http://127.0.0.1:5173/node_modules/.vite/deps/element-plus.js?v=cc148ae8:25527
[     290ms] [WARNING] Invalid prop: custom validator check failed for prop "type". null at <ElTag>
at <TableTdWrapper>
at <ElTableBody>
at <ElScrollbar>
at <ElTable>
at <StandardAccountsView>
at <BaseTransition>
at <Transition>
at <RouterView>
at <App> [Object, Object, Object, Object, Object, Object, Object, Object, Object, Object] @ http://127.0.0.1:5173/node_modules/.vite/deps/element-plus.js?v=cc148ae8:25527
[     291ms] [WARNING] Invalid prop: validation failed for prop "type". Expected one of ["primary", "success", "info", "warning", "danger"], got value "". null at <ElTag>
at <TableTdWrapper>
at <ElTableBody>
at <ElScrollbar>
at <ElTable>
at <StandardAccountsView>
at <BaseTransition>
at <Transition>
at <RouterView>
at <App> [Object, Object, Object, Object, Object, Object, Object, Object, Object, Object] @ http://127.0.0.1:5173/node_modules/.vite/deps/element-plus.js?v=cc148ae8:25527
[     291ms] [WARNING] Invalid prop: custom validator check failed for prop "type". null at <ElTag>
at <TableTdWrapper>
at <ElTableBody>
at <ElScrollbar>
at <ElTable>
at <StandardAccountsView>
at <BaseTransition>
at <Transition>
at <RouterView>
at <App> [Object, Object, Object, Object, Object, Object, Object, Object, Object, Object] @ http://127.0.0.1:5173/node_modules/.vite/deps/element-plus.js?v=cc148ae8:25527
[     292ms] [WARNING] Invalid prop: validation failed for prop "type". Expected one of ["primary", "success", "info", "warning", "danger"], got value "". null at <ElTag>
at <TableTdWrapper>
at <ElTableBody>
at <ElScrollbar>
at <ElTable>
at <StandardAccountsView>
at <BaseTransition>
at <Transition>
at <RouterView>
at <App> [Object, Object, Object, Object, Object, Object, Object, Object, Object, Object] @ http://127.0.0.1:5173/node_modules/.vite/deps/element-plus.js?v=cc148ae8:25527
[     292ms] [WARNING] Invalid prop: custom validator check failed for prop "type". null at <ElTag>
at <TableTdWrapper>
at <ElTableBody>
at <ElScrollbar>
at <ElTable>
at <StandardAccountsView>
at <BaseTransition>
at <Transition>
at <RouterView>
at <App> [Object, Object, Object, Object, Object, Object, Object, Object, Object, Object] @ http://127.0.0.1:5173/node_modules/.vite/deps/element-plus.js?v=cc148ae8:25527
[     294ms] [WARNING] Invalid prop: validation failed for prop "type". Expected one of ["primary", "success", "info", "warning", "danger"], got value "". null at <ElTag>
at <TableTdWrapper>
at <ElTableBody>
at <ElScrollbar>
at <ElTable>
at <StandardAccountsView>
at <BaseTransition>
at <Transition>
at <RouterView>
at <App> [Object, Object, Object, Object, Object, Object, Object, Object, Object, Object] @ http://127.0.0.1:5173/node_modules/.vite/deps/element-plus.js?v=cc148ae8:25527
[     294ms] [WARNING] Invalid prop: custom validator check failed for prop "type". null at <ElTag>
at <TableTdWrapper>
at <ElTableBody>
at <ElScrollbar>
at <ElTable>
at <StandardAccountsView>
at <BaseTransition>
at <Transition>
at <RouterView>
at <App> [Object, Object, Object, Object, Object, Object, Object, Object, Object, Object] @ http://127.0.0.1:5173/node_modules/.vite/deps/element-plus.js?v=cc148ae8:25527
[     295ms] [WARNING] Invalid prop: validation failed for prop "type". Expected one of ["primary", "success", "info", "warning", "danger"], got value "". null at <ElTag>
at <TableTdWrapper>
at <ElTableBody>
at <ElScrollbar>
at <ElTable>
at <StandardAccountsView>
at <BaseTransition>
at <Transition>
at <RouterView>
at <App> [Object, Object, Object, Object, Object, Object, Object, Object, Object, Object] @ http://127.0.0.1:5173/node_modules/.vite/deps/element-plus.js?v=cc148ae8:25527
[     295ms] [WARNING] Invalid prop: custom validator check failed for prop "type". null at <ElTag>
at <TableTdWrapper>
at <ElTableBody>
at <ElScrollbar>
at <ElTable>
at <StandardAccountsView>
at <BaseTransition>
at <Transition>
at <RouterView>
at <App> [Object, Object, Object, Object, Object, Object, Object, Object, Object, Object] @ http://127.0.0.1:5173/node_modules/.vite/deps/element-plus.js?v=cc148ae8:25527
[     296ms] [WARNING] Invalid prop: validation failed for prop "type". Expected one of ["primary", "success", "info", "warning", "danger"], got value "". null at <ElTag>
at <TableTdWrapper>
at <ElTableBody>
at <ElScrollbar>
at <ElTable>
at <StandardAccountsView>
at <BaseTransition>
at <Transition>
at <RouterView>
at <App> [Object, Object, Object, Object, Object, Object, Object, Object, Object, Object] @ http://127.0.0.1:5173/node_modules/.vite/deps/element-plus.js?v=cc148ae8:25527
[     296ms] [WARNING] Invalid prop: custom validator check failed for prop "type". null at <ElTag>
at <TableTdWrapper>
at <ElTableBody>
at <ElScrollbar>
at <ElTable>
at <StandardAccountsView>
at <BaseTransition>
at <Transition>
at <RouterView>
at <App> [Object, Object, Object, Object, Object, Object, Object, Object, Object, Object] @ http://127.0.0.1:5173/node_modules/.vite/deps/element-plus.js?v=cc148ae8:25527
[     299ms] [WARNING] Invalid prop: validation failed for prop "type". Expected one of ["primary", "success", "info", "warning", "danger"], got value "". null at <ElTag>
at <TableTdWrapper>
at <ElTableBody>
at <ElScrollbar>
at <ElTable>
at <StandardAccountsView>
at <BaseTransition>
at <Transition>
at <RouterView>
at <App> [Object, Object, Object, Object, Object, Object, Object, Object, Object, Object] @ http://127.0.0.1:5173/node_modules/.vite/deps/element-plus.js?v=cc148ae8:25527
[     299ms] [WARNING] Invalid prop: custom validator check failed for prop "type". null at <ElTag>
at <TableTdWrapper>
at <ElTableBody>
at <ElScrollbar>
at <ElTable>
at <StandardAccountsView>
at <BaseTransition>
at <Transition>
at <RouterView>
at <App> [Object, Object, Object, Object, Object, Object, Object, Object, Object, Object] @ http://127.0.0.1:5173/node_modules/.vite/deps/element-plus.js?v=cc148ae8:25527
[     300ms] [WARNING] Invalid prop: validation failed for prop "type". Expected one of ["primary", "success", "info", "warning", "danger"], got value "". null at <ElTag>
at <TableTdWrapper>
at <ElTableBody>
at <ElScrollbar>
at <ElTable>
at <StandardAccountsView>
at <BaseTransition>
at <Transition>
at <RouterView>
at <App> [Object, Object, Object, Object, Object, Object, Object, Object, Object, Object] @ http://127.0.0.1:5173/node_modules/.vite/deps/element-plus.js?v=cc148ae8:25527
[     301ms] [WARNING] Invalid prop: custom validator check failed for prop "type". null at <ElTag>
at <TableTdWrapper>
at <ElTableBody>
at <ElScrollbar>
at <ElTable>
at <StandardAccountsView>
at <BaseTransition>
at <Transition>
at <RouterView>
at <App> [Object, Object, Object, Object, Object, Object, Object, Object, Object, Object] @ http://127.0.0.1:5173/node_modules/.vite/deps/element-plus.js?v=cc148ae8:25527
[     301ms] [WARNING] Invalid prop: validation failed for prop "type". Expected one of ["primary", "success", "info", "warning", "danger"], got value "". null at <ElTag>
at <TableTdWrapper>
at <ElTableBody>
at <ElScrollbar>
at <ElTable>
at <StandardAccountsView>
at <BaseTransition>
at <Transition>
at <RouterView>
at <App> [Object, Object, Object, Object, Object, Object, Object, Object, Object, Object] @ http://127.0.0.1:5173/node_modules/.vite/deps/element-plus.js?v=cc148ae8:25527
[     302ms] [WARNING] Invalid prop: custom validator check failed for prop "type". null at <ElTag>
at <TableTdWrapper>
at <ElTableBody>
at <ElScrollbar>
at <ElTable>
at <StandardAccountsView>
at <BaseTransition>
at <Transition>
at <RouterView>
at <App> [Object, Object, Object, Object, Object, Object, Object, Object, Object, Object] @ http://127.0.0.1:5173/node_modules/.vite/deps/element-plus.js?v=cc148ae8:25527
[     302ms] [WARNING] Invalid prop: validation failed for prop "type". Expected one of ["primary", "success", "info", "warning", "danger"], got value "". null at <ElTag>
at <TableTdWrapper>
at <ElTableBody>
at <ElScrollbar>
at <ElTable>
at <StandardAccountsView>
at <BaseTransition>
at <Transition>
at <RouterView>
at <App> [Object, Object, Object, Object, Object, Object, Object, Object, Object, Object] @ http://127.0.0.1:5173/node_modules/.vite/deps/element-plus.js?v=cc148ae8:25527
[     302ms] [WARNING] Invalid prop: custom validator check failed for prop "type". null at <ElTag>
at <TableTdWrapper>
at <ElTableBody>
at <ElScrollbar>
at <ElTable>
at <StandardAccountsView>
at <BaseTransition>
at <Transition>
at <RouterView>
at <App> [Object, Object, Object, Object, Object, Object, Object, Object, Object, Object] @ http://127.0.0.1:5173/node_modules/.vite/deps/element-plus.js?v=cc148ae8:25527
[     303ms] [WARNING] Invalid prop: validation failed for prop "type". Expected one of ["primary", "success", "info", "warning", "danger"], got value "". null at <ElTag>
at <TableTdWrapper>
at <ElTableBody>
at <ElScrollbar>
at <ElTable>
at <StandardAccountsView>
at <BaseTransition>
at <Transition>
at <RouterView>
at <App> [Object, Object, Object, Object, Object, Object, Object, Object, Object, Object] @ http://127.0.0.1:5173/node_modules/.vite/deps/element-plus.js?v=cc148ae8:25527
[     303ms] [WARNING] Invalid prop: custom validator check failed for prop "type". null at <ElTag>
at <TableTdWrapper>
at <ElTableBody>
at <ElScrollbar>
at <ElTable>
at <StandardAccountsView>
at <BaseTransition>
at <Transition>
at <RouterView>
at <App> [Object, Object, Object, Object, Object, Object, Object, Object, Object, Object] @ http://127.0.0.1:5173/node_modules/.vite/deps/element-plus.js?v=cc148ae8:25527
[     303ms] [WARNING] Invalid prop: validation failed for prop "type". Expected one of ["primary", "success", "info", "warning", "danger"], got value "". null at <ElTag>
at <TableTdWrapper>
at <ElTableBody>
at <ElScrollbar>
at <ElTable>
at <StandardAccountsView>
at <BaseTransition>
at <Transition>
at <RouterView>
at <App> [Object, Object, Object, Object, Object, Object, Object, Object, Object, Object] @ http://127.0.0.1:5173/node_modules/.vite/deps/element-plus.js?v=cc148ae8:25527
[     304ms] [WARNING] Invalid prop: custom validator check failed for prop "type". null at <ElTag>
at <TableTdWrapper>
at <ElTableBody>
at <ElScrollbar>
at <ElTable>
at <StandardAccountsView>
at <BaseTransition>
at <Transition>
at <RouterView>
at <App> [Object, Object, Object, Object, Object, Object, Object, Object, Object, Object] @ http://127.0.0.1:5173/node_modules/.vite/deps/element-plus.js?v=cc148ae8:25527
[     306ms] [WARNING] Invalid prop: validation failed for prop "type". Expected one of ["primary", "success", "info", "warning", "danger"], got value "". null at <ElTag>
at <TableTdWrapper>
at <ElTableBody>
at <ElScrollbar>
at <ElTable>
at <StandardAccountsView>
at <BaseTransition>
at <Transition>
at <RouterView>
at <App> [Object, Object, Object, Object, Object, Object, Object, Object, Object, Object] @ http://127.0.0.1:5173/node_modules/.vite/deps/element-plus.js?v=cc148ae8:25527
[     306ms] [WARNING] Invalid prop: custom validator check failed for prop "type". null at <ElTag>
at <TableTdWrapper>
at <ElTableBody>
at <ElScrollbar>
at <ElTable>
at <StandardAccountsView>
at <BaseTransition>
at <Transition>
at <RouterView>
at <App> [Object, Object, Object, Object, Object, Object, Object, Object, Object, Object] @ http://127.0.0.1:5173/node_modules/.vite/deps/element-plus.js?v=cc148ae8:25527
[     307ms] [WARNING] Invalid prop: validation failed for prop "type". Expected one of ["primary", "success", "info", "warning", "danger"], got value "". null at <ElTag>
at <TableTdWrapper>
at <ElTableBody>
at <ElScrollbar>
at <ElTable>
at <StandardAccountsView>
at <BaseTransition>
at <Transition>
at <RouterView>
at <App> [Object, Object, Object, Object, Object, Object, Object, Object, Object, Object] @ http://127.0.0.1:5173/node_modules/.vite/deps/element-plus.js?v=cc148ae8:25527
[     307ms] [WARNING] Invalid prop: custom validator check failed for prop "type". null at <ElTag>
at <TableTdWrapper>
at <ElTableBody>
at <ElScrollbar>
at <ElTable>
at <StandardAccountsView>
at <BaseTransition>
at <Transition>
at <RouterView>
at <App> [Object, Object, Object, Object, Object, Object, Object, Object, Object, Object] @ http://127.0.0.1:5173/node_modules/.vite/deps/element-plus.js?v=cc148ae8:25527
[     308ms] [WARNING] Invalid prop: validation failed for prop "type". Expected one of ["primary", "success", "info", "warning", "danger"], got value "". null at <ElTag>
at <TableTdWrapper>
at <ElTableBody>
at <ElScrollbar>
at <ElTable>
at <StandardAccountsView>
at <BaseTransition>
at <Transition>
at <RouterView>
at <App> [Object, Object, Object, Object, Object, Object, Object, Object, Object, Object] @ http://127.0.0.1:5173/node_modules/.vite/deps/element-plus.js?v=cc148ae8:25527
[     308ms] [WARNING] Invalid prop: custom validator check failed for prop "type". null at <ElTag>
at <TableTdWrapper>
at <ElTableBody>
at <ElScrollbar>
at <ElTable>
at <StandardAccountsView>
at <BaseTransition>
at <Transition>
at <RouterView>
at <App> [Object, Object, Object, Object, Object, Object, Object, Object, Object, Object] @ http://127.0.0.1:5173/node_modules/.vite/deps/element-plus.js?v=cc148ae8:25527
[     309ms] [WARNING] Invalid prop: validation failed for prop "type". Expected one of ["primary", "success", "info", "warning", "danger"], got value "". null at <ElTag>
at <TableTdWrapper>
at <ElTableBody>
at <ElScrollbar>
at <ElTable>
at <StandardAccountsView>
at <BaseTransition>
at <Transition>
at <RouterView>
at <App> [Object, Object, Object, Object, Object, Object, Object, Object, Object, Object] @ http://127.0.0.1:5173/node_modules/.vite/deps/element-plus.js?v=cc148ae8:25527
[     309ms] [WARNING] Invalid prop: custom validator check failed for prop "type". null at <ElTag>
at <TableTdWrapper>
at <ElTableBody>
at <ElScrollbar>
at <ElTable>
at <StandardAccountsView>
at <BaseTransition>
at <Transition>
at <RouterView>
at <App> [Object, Object, Object, Object, Object, Object, Object, Object, Object, Object] @ http://127.0.0.1:5173/node_modules/.vite/deps/element-plus.js?v=cc148ae8:25527
[     310ms] [WARNING] Invalid prop: validation failed for prop "type". Expected one of ["primary", "success", "info", "warning", "danger"], got value "". null at <ElTag>
at <TableTdWrapper>
at <ElTableBody>
at <ElScrollbar>
at <ElTable>
at <StandardAccountsView>
at <BaseTransition>
at <Transition>
at <RouterView>
at <App> [Object, Object, Object, Object, Object, Object, Object, Object, Object, Object] @ http://127.0.0.1:5173/node_modules/.vite/deps/element-plus.js?v=cc148ae8:25527
[     310ms] [WARNING] Invalid prop: custom validator check failed for prop "type". null at <ElTag>
at <TableTdWrapper>
at <ElTableBody>
at <ElScrollbar>
at <ElTable>
at <StandardAccountsView>
at <BaseTransition>
at <Transition>
at <RouterView>
at <App> [Object, Object, Object, Object, Object, Object, Object, Object, Object, Object] @ http://127.0.0.1:5173/node_modules/.vite/deps/element-plus.js?v=cc148ae8:25527
[     311ms] [WARNING] Invalid prop: validation failed for prop "type". Expected one of ["primary", "success", "info", "warning", "danger"], got value "". null at <ElTag>
at <TableTdWrapper>
at <ElTableBody>
at <ElScrollbar>
at <ElTable>
at <StandardAccountsView>
at <BaseTransition>
at <Transition>
at <RouterView>
at <App> [Object, Object, Object, Object, Object, Object, Object, Object, Object, Object] @ http://127.0.0.1:5173/node_modules/.vite/deps/element-plus.js?v=cc148ae8:25527
[     311ms] [WARNING] Invalid prop: custom validator check failed for prop "type". null at <ElTag>
at <TableTdWrapper>
at <ElTableBody>
at <ElScrollbar>
at <ElTable>
at <StandardAccountsView>
at <BaseTransition>
at <Transition>
at <RouterView>
at <App> [Object, Object, Object, Object, Object, Object, Object, Object, Object, Object] @ http://127.0.0.1:5173/node_modules/.vite/deps/element-plus.js?v=cc148ae8:25527
[     312ms] [WARNING] Invalid prop: validation failed for prop "type". Expected one of ["primary", "success", "info", "warning", "danger"], got value "". null at <ElTag>
at <TableTdWrapper>
at <ElTableBody>
at <ElScrollbar>
at <ElTable>
at <StandardAccountsView>
at <BaseTransition>
at <Transition>
at <RouterView>
at <App> [Object, Object, Object, Object, Object, Object, Object, Object, Object, Object] @ http://127.0.0.1:5173/node_modules/.vite/deps/element-plus.js?v=cc148ae8:25527
[     313ms] [WARNING] Invalid prop: custom validator check failed for prop "type". null at <ElTag>
at <TableTdWrapper>
at <ElTableBody>
at <ElScrollbar>
at <ElTable>
at <StandardAccountsView>
at <BaseTransition>
at <Transition>
at <RouterView>
at <App> [Object, Object, Object, Object, Object, Object, Object, Object, Object, Object] @ http://127.0.0.1:5173/node_modules/.vite/deps/element-plus.js?v=cc148ae8:25527
[     313ms] [WARNING] Invalid prop: validation failed for prop "type". Expected one of ["primary", "success", "info", "warning", "danger"], got value "". null at <ElTag>
at <TableTdWrapper>
at <ElTableBody>
at <ElScrollbar>
at <ElTable>
at <StandardAccountsView>
at <BaseTransition>
at <Transition>
at <RouterView>
at <App> [Object, Object, Object, Object, Object, Object, Object, Object, Object, Object] @ http://127.0.0.1:5173/node_modules/.vite/deps/element-plus.js?v=cc148ae8:25527
[     313ms] [WARNING] Invalid prop: custom validator check failed for prop "type". null at <ElTag>
at <TableTdWrapper>
at <ElTableBody>
at <ElScrollbar>
at <ElTable>
at <StandardAccountsView>
at <BaseTransition>
at <Transition>
at <RouterView>
at <App> [Object, Object, Object, Object, Object, Object, Object, Object, Object, Object] @ http://127.0.0.1:5173/node_modules/.vite/deps/element-plus.js?v=cc148ae8:25527
[     314ms] [WARNING] Invalid prop: validation failed for prop "type". Expected one of ["primary", "success", "info", "warning", "danger"], got value "". null at <ElTag>
at <TableTdWrapper>
at <ElTableBody>
at <ElScrollbar>
at <ElTable>
at <StandardAccountsView>
at <BaseTransition>
at <Transition>
at <RouterView>
at <App> [Object, Object, Object, Object, Object, Object, Object, Object, Object, Object] @ http://127.0.0.1:5173/node_modules/.vite/deps/element-plus.js?v=cc148ae8:25527
[     314ms] [WARNING] Invalid prop: custom validator check failed for prop "type". null at <ElTag>
at <TableTdWrapper>
at <ElTableBody>
at <ElScrollbar>
at <ElTable>
at <StandardAccountsView>
at <BaseTransition>
at <Transition>
at <RouterView>
at <App> [Object, Object, Object, Object, Object, Object, Object, Object, Object, Object] @ http://127.0.0.1:5173/node_modules/.vite/deps/element-plus.js?v=cc148ae8:25527
[     315ms] [WARNING] Invalid prop: validation failed for prop "type". Expected one of ["primary", "success", "info", "warning", "danger"], got value "". null at <ElTag>
at <TableTdWrapper>
at <ElTableBody>
at <ElScrollbar>
at <ElTable>
at <StandardAccountsView>
at <BaseTransition>
at <Transition>
at <RouterView>
at <App> [Object, Object, Object, Object, Object, Object, Object, Object, Object, Object] @ http://127.0.0.1:5173/node_modules/.vite/deps/element-plus.js?v=cc148ae8:25527
[     315ms] [WARNING] Invalid prop: custom validator check failed for prop "type". null at <ElTag>
at <TableTdWrapper>
at <ElTableBody>
at <ElScrollbar>
at <ElTable>
at <StandardAccountsView>
at <BaseTransition>
at <Transition>
at <RouterView>
at <App> [Object, Object, Object, Object, Object, Object, Object, Object, Object, Object] @ http://127.0.0.1:5173/node_modules/.vite/deps/element-plus.js?v=cc148ae8:25527
